ноя 04, 2016 10:49:55 AM ru.ovcharov_alexey.tanks.v4.logic.forms.MainForm init
INFO: Игра запущена
ноя 04, 2016 10:50:16 AM ru.ovcharov_alexey.tanks.v4.logic.forms.MapEditorForm <init>
INFO: Выбран режим редактирования карты
ноя 04, 2016 10:51:36 AM ru.ovcharov_alexey.tanks.v4.logic.forms.MainForm bExitActionPerformed
INFO: Завершаю игру
ноя 04, 2016 11:06:51 AM ru.ovcharov_alexey.tanks.v4.engine.Global load
SEVERE: null
java.io.EOFException
	at java.io.DataInputStream.readInt(DataInputStream.java:392)
	at ru.ovcharov_alexey.tanks.v4.engine.Global.load(Global.java:91)
	at ru.ovcharov_alexey.tanks.v4.logic.forms.MainForm.init(MainForm.java:29)
	at ru.ovcharov_alexey.tanks.v4.logic.forms.MainForm.<init>(MainForm.java:24)
	at ru.ovcharov_alexey.tanks.v4.logic.forms.MainForm.lambda$main$12(MainForm.java:250)
	at java.awt.event.InvocationEvent.dispatch(InvocationEvent.java:311)
	at java.awt.EventQueue.dispatchEventImpl(EventQueue.java:756)
	at java.awt.EventQueue.access$500(EventQueue.java:97)
	at java.awt.EventQueue$3.run(EventQueue.java:709)
	at java.awt.EventQueue$3.run(EventQueue.java:703)
	at java.security.AccessController.doPrivileged(Native Method)
	at java.security.ProtectionDomain$JavaSecurityAccessImpl.doIntersectionPrivilege(ProtectionDomain.java:76)
	at java.awt.EventQueue.dispatchEvent(EventQueue.java:726)
	at java.awt.EventDispatchThread.pumpOneEventForFilters(EventDispatchThread.java:201)
	at java.awt.EventDispatchThread.pumpEventsForFilter(EventDispatchThread.java:116)
	at java.awt.EventDispatchThread.pumpEventsForHierarchy(EventDispatchThread.java:105)
	at java.awt.EventDispatchThread.pumpEvents(EventDispatchThread.java:101)
	at java.awt.EventDispatchThread.pumpEvents(EventDispatchThread.java:93)
	at java.awt.EventDispatchThread.run(EventDispatchThread.java:82)

ноя 04, 2016 11:06:51 AM ru.ovcharov_alexey.tanks.v4.logic.forms.MainForm init
INFO: Игра запущена
ноя 04, 2016 11:06:58 AM ru.ovcharov_alexey.tanks.v4.logic.forms.MainForm bExitActionPerformed
INFO: Завершаю игру
ноя 04, 2016 11:07:02 AM ru.ovcharov_alexey.tanks.v4.logic.forms.MainForm init
INFO: Игра запущена
фев 17, 2018 9:30:31 PM ru.ovcharov_alexey.tanks.v4.engine.Game start
INFO: Начинаю игру
фев 17, 2018 9:31:27 PM ru.ovcharov_alexey.tanks.v4.engine.Game pause
INFO: Получил команду на остановку игры
фев 17, 2018 9:31:27 PM ru.ovcharov_alexey.tanks.v4.engine.Game stop
INFO: Завершаю игру
фев 17, 2018 9:31:29 PM ru.ovcharov_alexey.tanks.v4.logic.forms.MainForm exit
INFO: Завершаю игру
фев 17, 2018 9:37:01 PM ru.ovcharov_alexey.tanks.v4.logic.forms.MainForm init
INFO: Игра запущена
фев 17, 2018 9:37:17 PM ru.ovcharov_alexey.tanks.v4.engine.Game start
INFO: Начинаю игру
фев 17, 2018 9:37:20 PM ru.ovcharov_alexey.tanks.v4.engine.Game checkBonuses
INFO: Игрок получает бонус ARMOR_UP
фев 17, 2018 9:37:30 PM ru.ovcharov_alexey.tanks.v4.engine.Game pause
INFO: Получил команду на остановку игры
фев 17, 2018 9:37:31 PM ru.ovcharov_alexey.tanks.v4.engine.Game stop
INFO: Завершаю игру
фев 17, 2018 9:37:32 PM ru.ovcharov_alexey.tanks.v4.logic.forms.MainForm exit
INFO: Завершаю игру
фев 17, 2018 9:51:49 PM ru.ovcharov_alexey.tanks.v4.logic.forms.MainForm init
INFO: Игра запущена
фев 17, 2018 9:51:56 PM ru.ovcharov_alexey.tanks.v4.engine.Game start
INFO: Начинаю игру
фев 17, 2018 9:52:00 PM ru.ovcharov_alexey.tanks.v4.engine.Game checkBonuses
INFO: Игрок получает бонус POWER_UP
фев 17, 2018 9:52:11 PM ru.ovcharov_alexey.tanks.v4.engine.Game removeDeadUnits
INFO: Игрок уничтожил вражескую машину: Легкая боевая машина
фев 17, 2018 9:52:11 PM ru.ovcharov_alexey.tanks.v4.engine.Game relocateEnemiesShells
INFO: Машина игрока получает 20 урона от взрыва снаряда 
фев 17, 2018 9:52:13 PM ru.ovcharov_alexey.tanks.v4.engine.Game relocateEnemiesShells
INFO: Машина игрока получает 20 урона от взрыва снаряда 
фев 17, 2018 9:52:13 PM ru.ovcharov_alexey.tanks.v4.engine.Game removeDeadUnits
INFO: Игрок уничтожил вражескую машину: Легкая боевая машина
фев 17, 2018 9:52:14 PM ru.ovcharov_alexey.tanks.v4.engine.Game removeDeadUnits
INFO: Игрок уничтожил вражескую машину: Легкая боевая машина
фев 17, 2018 9:52:16 PM ru.ovcharov_alexey.tanks.v4.engine.Game removeDeadUnits
INFO: Игрок уничтожил вражескую машину: Легкая боевая машина
фев 17, 2018 9:52:21 PM ru.ovcharov_alexey.tanks.v4.engine.Game clearBonus
INFO: Время действия бонуса истекло
фев 17, 2018 9:52:22 PM ru.ovcharov_alexey.tanks.v4.engine.Game removeDeadUnits
INFO: Игрок уничтожил вражескую машину: Легкая боевая машина
фев 17, 2018 9:52:52 PM ru.ovcharov_alexey.tanks.v4.engine.Game removeDeadUnits
INFO: Игрок уничтожил вражескую машину: Легкая боевая машина
фев 17, 2018 9:52:56 PM ru.ovcharov_alexey.tanks.v4.engine.Game relocateEnemiesShells
INFO: Машина игрока получает 20 урона от взрыва снаряда 
фев 17, 2018 9:52:57 PM ru.ovcharov_alexey.tanks.v4.engine.Game removeDeadUnits
INFO: Игрок уничтожил вражескую машину: Легкая боевая машина
фев 17, 2018 9:52:59 PM ru.ovcharov_alexey.tanks.v4.engine.Game removeDeadUnits
INFO: Игрок уничтожил вражескую машину: Легкая боевая машина
фев 17, 2018 9:53:19 PM ru.ovcharov_alexey.tanks.v4.engine.Game checkBonuses
INFO: Игрок получает бонус POWER_UP
фев 17, 2018 9:53:31 PM ru.ovcharov_alexey.tanks.v4.engine.Game removeDeadUnits
INFO: Игрок уничтожил вражескую машину: Легкая боевая машина
фев 17, 2018 9:53:31 PM ru.ovcharov_alexey.tanks.v4.engine.Game clearBonus
INFO: Время действия бонуса истекло
фев 17, 2018 9:53:33 PM ru.ovcharov_alexey.tanks.v4.engine.Game resume
INFO: Получил команду на продолжение игры
фев 17, 2018 9:53:34 PM ru.ovcharov_alexey.tanks.v4.engine.Game pause
INFO: Получил команду на остановку игры
фев 17, 2018 9:53:35 PM ru.ovcharov_alexey.tanks.v4.engine.Game stop
INFO: Завершаю игру
фев 17, 2018 9:53:36 PM ru.ovcharov_alexey.tanks.v4.logic.forms.MainForm exit
INFO: Завершаю игру
фев 17, 2018 9:55:51 PM ru.ovcharov_alexey.tanks.v4.logic.forms.MainForm init
INFO: Игра запущена
фев 17, 2018 9:55:59 PM ru.ovcharov_alexey.tanks.v4.engine.Game start
INFO: Начинаю игру
фев 17, 2018 9:56:05 PM ru.ovcharov_alexey.tanks.v4.engine.Game checkBonuses
INFO: Игрок получает бонус STOP_ENEMIES
фев 17, 2018 9:56:18 PM ru.ovcharov_alexey.tanks.v4.engine.Game relocatePlayerShells
INFO: Снаряд игрока наносит 50 урона  вражеской машине: Средняя боевая машина
фев 17, 2018 9:56:19 PM ru.ovcharov_alexey.tanks.v4.engine.Game relocatePlayerShells
INFO: Снаряд игрока наносит 50 урона  вражеской машине: Средняя боевая машина
фев 17, 2018 9:56:20 PM ru.ovcharov_alexey.tanks.v4.engine.Game relocatePlayerShells
INFO: Снаряд игрока наносит 50 урона  вражеской машине: Средняя боевая машина
фев 17, 2018 9:56:20 PM ru.ovcharov_alexey.tanks.v4.engine.Game removeDeadUnits
INFO: Игрок уничтожил вражескую машину: Средняя боевая машина
фев 17, 2018 9:56:21 PM ru.ovcharov_alexey.tanks.v4.engine.Game relocatePlayerShells
INFO: Снаряд игрока наносит 50 урона  вражеской машине: Легкая боевая машина
фев 17, 2018 9:56:26 PM ru.ovcharov_alexey.tanks.v4.engine.Game relocatePlayerShells
INFO: Снаряд игрока наносит 50 урона  вражеской машине: Легкая боевая машина
фев 17, 2018 9:56:26 PM ru.ovcharov_alexey.tanks.v4.engine.Game removeDeadUnits
INFO: Игрок уничтожил вражескую машину: Легкая боевая машина
фев 17, 2018 9:56:26 PM ru.ovcharov_alexey.tanks.v4.engine.Game clearBonus
INFO: Время действия бонуса истекло
фев 17, 2018 9:56:27 PM ru.ovcharov_alexey.tanks.v4.engine.Game relocateEnemiesShells
INFO: Машина игрока получает 45 урона от взрыва снаряда 
фев 17, 2018 9:56:28 PM ru.ovcharov_alexey.tanks.v4.engine.Game relocatePlayerShells
INFO: Снаряд игрока наносит 50 урона  вражеской машине: Легкая боевая машина
фев 17, 2018 9:56:28 PM ru.ovcharov_alexey.tanks.v4.engine.Game relocateEnemiesShells
INFO: Машина игрока получает 45 урона от взрыва снаряда 
фев 17, 2018 9:56:29 PM ru.ovcharov_alexey.tanks.v4.engine.Game relocatePlayerShells
INFO: Снаряд игрока наносит 50 урона  вражеской машине: Легкая боевая машина
фев 17, 2018 9:56:29 PM ru.ovcharov_alexey.tanks.v4.engine.Game removeDeadUnits
INFO: Игрок уничтожил вражескую машину: Легкая боевая машина
фев 17, 2018 9:56:29 PM ru.ovcharov_alexey.tanks.v4.engine.Game relocateEnemiesShells
INFO: Машина игрока получает 20 урона от взрыва снаряда 
фев 17, 2018 9:56:29 PM ru.ovcharov_alexey.tanks.v4.engine.Game update
INFO: Машина игрока уничтожена врагом, игра проиграна
фев 17, 2018 9:56:32 PM ru.ovcharov_alexey.tanks.v4.logic.forms.MainForm exit
INFO: Завершаю игру
фев 17, 2018 10:05:33 PM ru.ovcharov_alexey.tanks.v4.logic.forms.MainForm init
INFO: Игра запущена
фев 17, 2018 10:06:21 PM ru.ovcharov_alexey.tanks.v4.logic.forms.MainForm init
INFO: Игра запущена
фев 17, 2018 10:06:23 PM ru.ovcharov_alexey.tanks.v4.logic.forms.MapEditorForm <init>
INFO: Выбран режим редактирования карты
фев 17, 2018 10:14:57 PM ru.ovcharov_alexey.tanks.v4.logic.forms.MainForm init
INFO: Игра запущена
фев 17, 2018 10:16:12 PM ru.ovcharov_alexey.tanks.v4.logic.forms.MainForm init
INFO: Игра запущена
фев 17, 2018 10:25:25 PM ru.ovcharov_alexey.tanks.v4.logic.forms.MainForm init
INFO: Игра запущена
фев 17, 2018 10:25:33 PM ru.ovcharov_alexey.tanks.v4.logic.forms.MainForm exit
INFO: Завершаю игру
фев 17, 2018 10:26:29 PM ru.ovcharov_alexey.tanks.v4.logic.forms.MainForm init
INFO: Игра запущена
фев 17, 2018 10:26:39 PM ru.ovcharov_alexey.tanks.v4.engine.Game start
INFO: Начинаю игру
фев 17, 2018 10:28:03 PM ru.ovcharov_alexey.tanks.v4.engine.Game pause
INFO: Получил команду на остановку игры
фев 17, 2018 10:28:04 PM ru.ovcharov_alexey.tanks.v4.engine.Game stop
INFO: Завершаю игру
фев 17, 2018 10:28:05 PM ru.ovcharov_alexey.tanks.v4.logic.forms.MainForm exit
INFO: Завершаю игру
фев 17, 2018 10:29:29 PM ru.ovcharov_alexey.tanks.v4.logic.forms.MainForm init
INFO: Игра запущена
фев 17, 2018 10:29:41 PM ru.ovcharov_alexey.tanks.v4.engine.Game start
INFO: Начинаю игру
фев 17, 2018 10:29:53 PM ru.ovcharov_alexey.tanks.v4.engine.Game pause
INFO: Получил команду на остановку игры
фев 17, 2018 10:29:53 PM ru.ovcharov_alexey.tanks.v4.engine.Game stop
INFO: Завершаю игру
фев 17, 2018 10:29:54 PM ru.ovcharov_alexey.tanks.v4.logic.forms.MainForm exit
INFO: Завершаю игру
фев 17, 2018 10:33:42 PM ru.ovcharov_alexey.tanks.v4.logic.forms.MainForm init
INFO: Игра запущена
фев 17, 2018 10:33:45 PM ru.ovcharov_alexey.tanks.v4.engine.Game start
INFO: Начинаю игру
фев 17, 2018 10:33:54 PM ru.ovcharov_alexey.tanks.v4.engine.Game pause
INFO: Получил команду на остановку игры
фев 17, 2018 10:33:55 PM ru.ovcharov_alexey.tanks.v4.engine.Game stop
INFO: Завершаю игру
фев 17, 2018 10:34:02 PM ru.ovcharov_alexey.tanks.v4.engine.Game start
INFO: Начинаю игру
фев 17, 2018 10:34:05 PM ru.ovcharov_alexey.tanks.v4.engine.Game pause
INFO: Получил команду на остановку игры
фев 17, 2018 10:34:05 PM ru.ovcharov_alexey.tanks.v4.engine.Game stop
INFO: Завершаю игру
фев 17, 2018 10:34:12 PM ru.ovcharov_alexey.tanks.v4.engine.Game start
INFO: Начинаю игру
фев 17, 2018 10:34:14 PM ru.ovcharov_alexey.tanks.v4.engine.Game pause
INFO: Получил команду на остановку игры
фев 17, 2018 10:34:15 PM ru.ovcharov_alexey.tanks.v4.engine.Game stop
INFO: Завершаю игру
фев 17, 2018 10:34:23 PM ru.ovcharov_alexey.tanks.v4.engine.Game start
INFO: Начинаю игру
фев 17, 2018 10:34:40 PM ru.ovcharov_alexey.tanks.v4.engine.Game pause
INFO: Получил команду на остановку игры
фев 17, 2018 10:34:40 PM ru.ovcharov_alexey.tanks.v4.engine.Game stop
INFO: Завершаю игру
фев 17, 2018 10:36:39 PM ru.ovcharov_alexey.tanks.v4.logic.forms.MainForm init
INFO: Игра запущена
фев 17, 2018 10:36:44 PM ru.ovcharov_alexey.tanks.v4.logic.forms.MainForm exit
INFO: Завершаю игру
фев 17, 2018 10:36:46 PM ru.ovcharov_alexey.tanks.v4.logic.forms.MainForm init
INFO: Игра запущена
фев 17, 2018 10:36:55 PM ru.ovcharov_alexey.tanks.v4.engine.Game start
INFO: Начинаю игру
фев 17, 2018 10:37:05 PM ru.ovcharov_alexey.tanks.v4.engine.Game pause
INFO: Получил команду на остановку игры
фев 17, 2018 10:37:06 PM ru.ovcharov_alexey.tanks.v4.engine.Game stop
INFO: Завершаю игру
фев 17, 2018 10:37:12 PM ru.ovcharov_alexey.tanks.v4.engine.Game start
INFO: Начинаю игру
фев 17, 2018 10:37:49 PM ru.ovcharov_alexey.tanks.v4.logic.forms.MainForm init
INFO: Игра запущена
фев 17, 2018 10:37:52 PM ru.ovcharov_alexey.tanks.v4.engine.Game start
INFO: Начинаю игру
фев 17, 2018 10:37:55 PM ru.ovcharov_alexey.tanks.v4.engine.Game pause
INFO: Получил команду на остановку игры
фев 17, 2018 10:37:55 PM ru.ovcharov_alexey.tanks.v4.engine.Game stop
INFO: Завершаю игру
фев 17, 2018 10:38:02 PM ru.ovcharov_alexey.tanks.v4.engine.Game start
INFO: Начинаю игру
фев 17, 2018 10:38:04 PM ru.ovcharov_alexey.tanks.v4.engine.Game pause
INFO: Получил команду на остановку игры
фев 17, 2018 10:38:05 PM ru.ovcharov_alexey.tanks.v4.engine.Game stop
INFO: Завершаю игру
фев 17, 2018 10:38:05 PM ru.ovcharov_alexey.tanks.v4.logic.forms.MainForm exit
INFO: Завершаю игру
фев 17, 2018 10:38:07 PM ru.ovcharov_alexey.tanks.v4.logic.forms.MainForm init
INFO: Игра запущена
фев 17, 2018 10:38:15 PM ru.ovcharov_alexey.tanks.v4.engine.Game start
INFO: Начинаю игру
фев 17, 2018 10:38:20 PM ru.ovcharov_alexey.tanks.v4.engine.Game pause
INFO: Получил команду на остановку игры
фев 17, 2018 10:38:21 PM ru.ovcharov_alexey.tanks.v4.engine.Game stop
INFO: Завершаю игру
фев 17, 2018 10:38:22 PM ru.ovcharov_alexey.tanks.v4.logic.forms.MainForm exit
INFO: Завершаю игру
фев 17, 2018 11:03:51 PM ru.ovcharov_alexey.tanks.v4.logic.forms.MainForm init
INFO: Игра запущена
фев 17, 2018 11:03:54 PM ru.ovcharov_alexey.tanks.v4.engine.Game start
INFO: Начинаю игру
фев 17, 2018 11:04:23 PM ru.ovcharov_alexey.tanks.v4.engine.Game checkBonuses
INFO: Игрок получает бонус STOP_ENEMIES
фев 17, 2018 11:04:25 PM ru.ovcharov_alexey.tanks.v4.engine.Game relocatePlayerShells
INFO: Снаряд игрока наносит 50 урона  вражеской машине: Танк
фев 17, 2018 11:04:26 PM ru.ovcharov_alexey.tanks.v4.engine.Game relocatePlayerShells
INFO: Снаряд игрока наносит 50 урона  вражеской машине: Танк
фев 17, 2018 11:04:26 PM ru.ovcharov_alexey.tanks.v4.engine.Game relocatePlayerShells
INFO: Снаряд игрока наносит 112 урона (критический эффект вражеской машине: Танк
фев 17, 2018 11:04:27 PM ru.ovcharov_alexey.tanks.v4.engine.Game relocatePlayerShells
INFO: Снаряд игрока наносит 50 урона  вражеской машине: Танк
фев 17, 2018 11:04:28 PM ru.ovcharov_alexey.tanks.v4.engine.Game relocatePlayerShells
INFO: Снаряд игрока наносит 50 урона  вражеской машине: Танк
фев 17, 2018 11:04:29 PM ru.ovcharov_alexey.tanks.v4.engine.Game relocatePlayerShells
INFO: Снаряд игрока наносит 50 урона  вражеской машине: Танк
фев 17, 2018 11:04:30 PM ru.ovcharov_alexey.tanks.v4.engine.Game relocatePlayerShells
INFO: Снаряд игрока наносит 50 урона  вражеской машине: Танк
фев 17, 2018 11:04:31 PM ru.ovcharov_alexey.tanks.v4.engine.Game relocatePlayerShells
INFO: Снаряд игрока наносит 50 урона  вражеской машине: Танк
фев 17, 2018 11:04:32 PM ru.ovcharov_alexey.tanks.v4.engine.Game relocatePlayerShells
INFO: Снаряд игрока наносит 50 урона  вражеской машине: Танк
фев 17, 2018 11:04:32 PM ru.ovcharov_alexey.tanks.v4.engine.Game removeDeadUnits
INFO: Игрок уничтожил вражескую машину: Танк
фев 17, 2018 11:04:41 PM ru.ovcharov_alexey.tanks.v4.engine.Game relocatePlayerShells
INFO: Снаряд игрока наносит 50 урона  вражеской машине: Легкая боевая машина
фев 17, 2018 11:04:41 PM ru.ovcharov_alexey.tanks.v4.engine.Game relocatePlayerShells
INFO: Снаряд игрока наносит 50 урона  вражеской машине: Легкая боевая машина
фев 17, 2018 11:04:41 PM ru.ovcharov_alexey.tanks.v4.engine.Game removeDeadUnits
INFO: Игрок уничтожил вражескую машину: Легкая боевая машина
фев 17, 2018 11:04:44 PM ru.ovcharov_alexey.tanks.v4.engine.Game clearBonus
INFO: Время действия бонуса истекло
фев 17, 2018 11:04:53 PM ru.ovcharov_alexey.tanks.v4.engine.Game relocatePlayerShells
INFO: Снаряд игрока наносит 50 урона  вражеской машине: Фугас
фев 17, 2018 11:04:54 PM ru.ovcharov_alexey.tanks.v4.engine.Game relocatePlayerShells
INFO: Снаряд игрока наносит 50 урона  вражеской машине: Фугас
фев 17, 2018 11:04:55 PM ru.ovcharov_alexey.tanks.v4.engine.Game relocatePlayerShells
INFO: Снаряд игрока наносит 112 урона (критический эффект вражеской машине: Фугас
фев 17, 2018 11:04:56 PM ru.ovcharov_alexey.tanks.v4.engine.Game relocatePlayerShells
INFO: Снаряд игрока наносит 50 урона  вражеской машине: Фугас
фев 17, 2018 11:04:56 PM ru.ovcharov_alexey.tanks.v4.engine.Game relocatePlayerShells
INFO: Снаряд игрока наносит 50 урона  вражеской машине: Фугас
фев 17, 2018 11:04:57 PM ru.ovcharov_alexey.tanks.v4.engine.Game relocatePlayerShells
INFO: Снаряд игрока наносит 50 урона  вражеской машине: Фугас
фев 17, 2018 11:04:58 PM ru.ovcharov_alexey.tanks.v4.engine.Game relocatePlayerShells
INFO: Снаряд игрока наносит 50 урона  вражеской машине: Фугас
фев 17, 2018 11:04:59 PM ru.ovcharov_alexey.tanks.v4.engine.Game relocatePlayerShells
INFO: Снаряд игрока наносит 50 урона  вражеской машине: Фугас
фев 17, 2018 11:05:00 PM ru.ovcharov_alexey.tanks.v4.engine.Game relocatePlayerShells
INFO: Снаряд игрока наносит 50 урона  вражеской машине: Фугас
фев 17, 2018 11:05:00 PM ru.ovcharov_alexey.tanks.v4.engine.Game removeDeadUnits
INFO: Игрок уничтожил вражескую машину: Фугас
фев 17, 2018 11:05:06 PM ru.ovcharov_alexey.tanks.v4.engine.Game checkBonuses
INFO: Игрок получает бонус ARMOR_UP
фев 17, 2018 11:05:18 PM ru.ovcharov_alexey.tanks.v4.engine.Game relocatePlayerShells
INFO: Снаряд игрока наносит 50 урона  вражеской машине: Средняя боевая машина
фев 17, 2018 11:05:19 PM ru.ovcharov_alexey.tanks.v4.engine.Game relocateEnemiesShells
INFO: Машина игрока получает 10 урона от взрыва снаряда 
фев 17, 2018 11:05:20 PM ru.ovcharov_alexey.tanks.v4.engine.Game relocatePlayerShells
INFO: Снаряд игрока наносит 50 урона  вражеской машине: Средняя боевая машина
фев 17, 2018 11:05:20 PM ru.ovcharov_alexey.tanks.v4.engine.Game relocateEnemiesShells
INFO: Машина игрока получает 10 урона от взрыва снаряда 
фев 17, 2018 11:05:21 PM ru.ovcharov_alexey.tanks.v4.engine.Game relocatePlayerShells
INFO: Снаряд игрока наносит 50 урона  вражеской машине: Средняя боевая машина
фев 17, 2018 11:05:21 PM ru.ovcharov_alexey.tanks.v4.engine.Game removeDeadUnits
INFO: Игрок уничтожил вражескую машину: Средняя боевая машина
фев 17, 2018 11:05:23 PM ru.ovcharov_alexey.tanks.v4.engine.Game relocatePlayerShells
INFO: Снаряд игрока наносит 50 урона  вражеской машине: Тяжелая боевая машина
фев 17, 2018 11:05:24 PM ru.ovcharov_alexey.tanks.v4.engine.Game relocateEnemiesShells
INFO: Машина игрока получает 14 урона от взрыва снаряда 
фев 17, 2018 11:05:27 PM ru.ovcharov_alexey.tanks.v4.engine.Game clearBonus
INFO: Время действия бонуса истекло
фев 17, 2018 11:05:32 PM ru.ovcharov_alexey.tanks.v4.engine.Game relocatePlayerShells
INFO: Снаряд игрока наносит 50 урона  вражеской машине: Тяжелая боевая машина
фев 17, 2018 11:05:32 PM ru.ovcharov_alexey.tanks.v4.engine.Game relocateEnemiesShells
INFO: Машина игрока получает 40 урона от взрыва снаряда 
фев 17, 2018 11:05:44 PM ru.ovcharov_alexey.tanks.v4.engine.Game relocatePlayerShells
INFO: Снаряд игрока наносит 50 урона  вражеской машине: Тяжелая боевая машина
фев 17, 2018 11:05:47 PM ru.ovcharov_alexey.tanks.v4.engine.Game relocatePlayerShells
INFO: Снаряд игрока наносит 50 урона  вражеской машине: Тяжелая боевая машина
фев 17, 2018 11:05:47 PM ru.ovcharov_alexey.tanks.v4.engine.Game removeDeadUnits
INFO: Игрок уничтожил вражескую машину: Тяжелая боевая машина
фев 17, 2018 11:05:51 PM ru.ovcharov_alexey.tanks.v4.logic.forms.MainForm exit
INFO: Завершаю игру
фев 17, 2018 11:06:51 PM ru.ovcharov_alexey.tanks.v4.logic.forms.MainForm init
INFO: Игра запущена
фев 17, 2018 11:06:56 PM ru.ovcharov_alexey.tanks.v4.engine.Game start
INFO: Начинаю игру
фев 17, 2018 11:07:04 PM ru.ovcharov_alexey.tanks.v4.engine.Game checkBonuses
INFO: Игрок получает бонус MULTISHOT
фев 17, 2018 11:07:31 PM ru.ovcharov_alexey.tanks.v4.logic.forms.MainForm init
INFO: Игра запущена
фев 17, 2018 11:07:34 PM ru.ovcharov_alexey.tanks.v4.engine.Game start
INFO: Начинаю игру
фев 17, 2018 11:07:44 PM ru.ovcharov_alexey.tanks.v4.engine.Game checkBonuses
INFO: Игрок получает бонус POWER_UP
фев 17, 2018 11:07:59 PM ru.ovcharov_alexey.tanks.v4.engine.Game relocatePlayerShells
INFO: Снаряд игрока наносит 50 урона  вражеской машине: Двухорудийная машина
фев 17, 2018 11:07:59 PM ru.ovcharov_alexey.tanks.v4.engine.Game relocatePlayerShells
INFO: Снаряд игрока наносит 50 урона  вражеской машине: Двухорудийная машина
фев 17, 2018 11:08:00 PM ru.ovcharov_alexey.tanks.v4.engine.Game relocatePlayerShells
INFO: Снаряд игрока наносит 112 урона (критический эффект вражеской машине: Двухорудийная машина
фев 17, 2018 11:08:00 PM ru.ovcharov_alexey.tanks.v4.engine.Game removeDeadUnits
INFO: Игрок уничтожил вражескую машину: Двухорудийная машина
фев 17, 2018 11:08:05 PM ru.ovcharov_alexey.tanks.v4.engine.Game clearBonus
INFO: Время действия бонуса истекло
фев 17, 2018 11:08:05 PM ru.ovcharov_alexey.tanks.v4.engine.Game relocatePlayerShells
INFO: Снаряд игрока наносит 50 урона  вражеской машине: Двухорудийная машина
фев 17, 2018 11:08:05 PM ru.ovcharov_alexey.tanks.v4.engine.Game relocatePlayerShells
INFO: Снаряд игрока наносит 50 урона  вражеской машине: Двухорудийная машина
фев 17, 2018 11:08:05 PM ru.ovcharov_alexey.tanks.v4.engine.Game relocatePlayerShells
INFO: Снаряд игрока наносит 50 урона  вражеской машине: Двухорудийная машина
фев 17, 2018 11:08:05 PM ru.ovcharov_alexey.tanks.v4.engine.Game relocatePlayerShells
INFO: Снаряд игрока наносит 50 урона  вражеской машине: Двухорудийная машина
фев 17, 2018 11:08:05 PM ru.ovcharov_alexey.tanks.v4.engine.Game removeDeadUnits
INFO: Игрок уничтожил вражескую машину: Двухорудийная машина
фев 17, 2018 11:08:20 PM ru.ovcharov_alexey.tanks.v4.engine.Game relocatePlayerShells
INFO: Снаряд игрока наносит 50 урона  вражеской машине: Двухорудийная машина
фев 17, 2018 11:08:20 PM ru.ovcharov_alexey.tanks.v4.engine.Game relocateEnemiesShells
INFO: Машина игрока получает 27 урона от взрыва снаряда 
фев 17, 2018 11:08:21 PM ru.ovcharov_alexey.tanks.v4.engine.Game relocateEnemiesShells
INFO: Машина игрока получает 27 урона от взрыва снаряда 
фев 17, 2018 11:08:28 PM ru.ovcharov_alexey.tanks.v4.engine.Game relocatePlayerShells
INFO: Снаряд игрока наносит 50 урона  вражеской машине: Двухорудийная машина
фев 17, 2018 11:08:30 PM ru.ovcharov_alexey.tanks.v4.engine.Game relocatePlayerShells
INFO: Снаряд игрока наносит 50 урона  вражеской машине: Двухорудийная машина
фев 17, 2018 11:08:36 PM ru.ovcharov_alexey.tanks.v4.engine.Game relocatePlayerShells
INFO: Снаряд игрока наносит 50 урона  вражеской машине: Двухорудийная машина
фев 17, 2018 11:08:36 PM ru.ovcharov_alexey.tanks.v4.engine.Game removeDeadUnits
INFO: Игрок уничтожил вражескую машину: Двухорудийная машина
фев 17, 2018 11:08:43 PM ru.ovcharov_alexey.tanks.v4.engine.Game relocatePlayerShells
INFO: Снаряд игрока наносит 50 урона  вражеской машине: Легкая боевая машина
фев 17, 2018 11:08:44 PM ru.ovcharov_alexey.tanks.v4.engine.Game relocateEnemiesShells
INFO: Машина игрока получает 20 урона от взрыва снаряда 
фев 17, 2018 11:08:48 PM ru.ovcharov_alexey.tanks.v4.engine.Game relocatePlayerShells
INFO: Снаряд игрока наносит 50 урона  вражеской машине: Легкая боевая машина
фев 17, 2018 11:08:48 PM ru.ovcharov_alexey.tanks.v4.engine.Game removeDeadUnits
INFO: Игрок уничтожил вражескую машину: Легкая боевая машина
фев 17, 2018 11:08:50 PM ru.ovcharov_alexey.tanks.v4.engine.Game checkBonuses
INFO: Игрок получает бонус REPAIR
фев 17, 2018 11:08:51 PM ru.ovcharov_alexey.tanks.v4.engine.Game relocatePlayerShells
INFO: Снаряд игрока наносит 50 урона  вражеской машине: Средняя боевая машина
фев 17, 2018 11:08:51 PM ru.ovcharov_alexey.tanks.v4.engine.Game relocateEnemiesShells
INFO: Машина игрока получает 30 урона от взрыва снаряда 
фев 17, 2018 11:08:51 PM ru.ovcharov_alexey.tanks.v4.engine.Game relocatePlayerShells
INFO: Снаряд игрока наносит 50 урона  вражеской машине: Средняя боевая машина
фев 17, 2018 11:08:53 PM ru.ovcharov_alexey.tanks.v4.engine.Game relocatePlayerShells
INFO: Снаряд игрока наносит 50 урона  вражеской машине: Средняя боевая машина
фев 17, 2018 11:08:53 PM ru.ovcharov_alexey.tanks.v4.engine.Game removeDeadUnits
INFO: Игрок уничтожил вражескую машину: Средняя боевая машина
фев 17, 2018 11:09:00 PM ru.ovcharov_alexey.tanks.v4.logic.forms.MainForm exit
INFO: Завершаю игру
фев 17, 2018 11:12:56 PM ru.ovcharov_alexey.tanks.v4.logic.forms.MainForm init
INFO: Игра запущена
фев 17, 2018 11:14:36 PM ru.ovcharov_alexey.tanks.v4.logic.forms.MainForm init
INFO: Игра запущена
фев 17, 2018 11:16:19 PM ru.ovcharov_alexey.tanks.v4.logic.forms.MainForm init
INFO: Игра запущена
фев 17, 2018 11:16:39 PM ru.ovcharov_alexey.tanks.v4.logic.forms.MainForm exit
INFO: Завершаю игру
фев 17, 2018 11:17:44 PM ru.ovcharov_alexey.tanks.v4.logic.forms.MainForm init
INFO: Игра запущена
фев 17, 2018 11:18:59 PM ru.ovcharov_alexey.tanks.v4.logic.forms.MainForm init
INFO: Игра запущена
фев 17, 2018 11:19:10 PM ru.ovcharov_alexey.tanks.v4.engine.Game start
INFO: Начинаю игру
фев 17, 2018 11:19:14 PM ru.ovcharov_alexey.tanks.v4.engine.Game pause
INFO: Получил команду на остановку игры
фев 17, 2018 11:19:14 PM ru.ovcharov_alexey.tanks.v4.engine.Game stop
INFO: Завершаю игру
фев 17, 2018 11:19:40 PM ru.ovcharov_alexey.tanks.v4.engine.Game start
INFO: Начинаю игру
фев 17, 2018 11:19:51 PM ru.ovcharov_alexey.tanks.v4.engine.Game pause
INFO: Получил команду на остановку игры
фев 17, 2018 11:19:52 PM ru.ovcharov_alexey.tanks.v4.engine.Game stop
INFO: Завершаю игру
фев 17, 2018 11:20:01 PM ru.ovcharov_alexey.tanks.v4.engine.Game start
INFO: Начинаю игру
фев 17, 2018 11:20:05 PM ru.ovcharov_alexey.tanks.v4.engine.Game checkBonuses
INFO: Игрок получает бонус POWER_UP
фев 17, 2018 11:20:16 PM ru.ovcharov_alexey.tanks.v4.engine.Game relocatePlayerShells
INFO: Снаряд игрока наносит 50 урона  вражеской машине: Двухорудийная машина
фев 17, 2018 11:20:16 PM ru.ovcharov_alexey.tanks.v4.engine.Game relocatePlayerShells
INFO: Снаряд игрока наносит 112 урона (критический эффект вражеской машине: Двухорудийная машина
фев 17, 2018 11:20:16 PM ru.ovcharov_alexey.tanks.v4.engine.Game relocatePlayerShells
INFO: Снаряд игрока наносит 50 урона  вражеской машине: Двухорудийная машина
фев 17, 2018 11:20:16 PM ru.ovcharov_alexey.tanks.v4.engine.Game removeDeadUnits
INFO: Игрок уничтожил вражескую машину: Двухорудийная машина
фев 17, 2018 11:20:17 PM ru.ovcharov_alexey.tanks.v4.engine.Game relocatePlayerShells
INFO: Снаряд игрока наносит 50 урона  вражеской машине: Танк
фев 17, 2018 11:20:17 PM ru.ovcharov_alexey.tanks.v4.engine.Game relocatePlayerShells
INFO: Снаряд игрока наносит 50 урона  вражеской машине: Танк
фев 17, 2018 11:20:17 PM ru.ovcharov_alexey.tanks.v4.engine.Game relocatePlayerShells
INFO: Снаряд игрока наносит 50 урона  вражеской машине: Танк
фев 17, 2018 11:20:17 PM ru.ovcharov_alexey.tanks.v4.engine.Game relocatePlayerShells
INFO: Снаряд игрока наносит 50 урона  вражеской машине: Танк
фев 17, 2018 11:20:17 PM ru.ovcharov_alexey.tanks.v4.engine.Game relocatePlayerShells
INFO: Снаряд игрока наносит 112 урона (критический эффект вражеской машине: Танк
фев 17, 2018 11:20:18 PM ru.ovcharov_alexey.tanks.v4.engine.Game relocatePlayerShells
INFO: Снаряд игрока наносит 50 урона  вражеской машине: Танк
фев 17, 2018 11:20:18 PM ru.ovcharov_alexey.tanks.v4.engine.Game relocatePlayerShells
INFO: Снаряд игрока наносит 50 урона  вражеской машине: Танк
фев 17, 2018 11:20:18 PM ru.ovcharov_alexey.tanks.v4.engine.Game relocatePlayerShells
INFO: Снаряд игрока наносит 50 урона  вражеской машине: Танк
фев 17, 2018 11:20:20 PM ru.ovcharov_alexey.tanks.v4.engine.Game relocatePlayerShells
INFO: Снаряд игрока наносит 50 урона  вражеской машине: Танк
фев 17, 2018 11:20:20 PM ru.ovcharov_alexey.tanks.v4.engine.Game removeDeadUnits
INFO: Игрок уничтожил вражескую машину: Танк
фев 17, 2018 11:20:21 PM ru.ovcharov_alexey.tanks.v4.engine.Game relocatePlayerShells
INFO: Снаряд игрока наносит 50 урона  вражеской машине: Средняя боевая машина
фев 17, 2018 11:20:21 PM ru.ovcharov_alexey.tanks.v4.engine.Game relocatePlayerShells
INFO: Снаряд игрока наносит 50 урона  вражеской машине: Средняя боевая машина
фев 17, 2018 11:20:21 PM ru.ovcharov_alexey.tanks.v4.engine.Game relocatePlayerShells
INFO: Снаряд игрока наносит 50 урона  вражеской машине: Средняя боевая машина
фев 17, 2018 11:20:21 PM ru.ovcharov_alexey.tanks.v4.engine.Game removeDeadUnits
INFO: Игрок уничтожил вражескую машину: Средняя боевая машина
фев 17, 2018 11:20:21 PM ru.ovcharov_alexey.tanks.v4.engine.Game relocateEnemiesShells
INFO: Машина игрока получает 30 урона от взрыва снаряда 
фев 17, 2018 11:20:26 PM ru.ovcharov_alexey.tanks.v4.engine.Game clearBonus
INFO: Время действия бонуса истекло
фев 17, 2018 11:20:34 PM ru.ovcharov_alexey.tanks.v4.engine.Game lambda$new$0
INFO: Достижение Быстрая победа провалено
фев 17, 2018 11:20:36 PM ru.ovcharov_alexey.tanks.v4.engine.Game checkBonuses
INFO: Игрок получает бонус ARMOR_UP
фев 17, 2018 11:20:39 PM ru.ovcharov_alexey.tanks.v4.engine.Game relocatePlayerShells
INFO: Снаряд игрока наносит 50 урона  вражеской машине: Средняя боевая машина
фев 17, 2018 11:20:40 PM ru.ovcharov_alexey.tanks.v4.engine.Game relocateEnemiesShells
INFO: Машина игрока получает 10 урона от взрыва снаряда 
фев 17, 2018 11:20:40 PM ru.ovcharov_alexey.tanks.v4.engine.Game relocatePlayerShells
INFO: Снаряд игрока наносит 50 урона  вражеской машине: Средняя боевая машина
фев 17, 2018 11:20:41 PM ru.ovcharov_alexey.tanks.v4.engine.Game relocateEnemiesShells
INFO: Машина игрока получает 23 урона от взрыва снаряда 
фев 17, 2018 11:20:41 PM ru.ovcharov_alexey.tanks.v4.engine.Game relocatePlayerShells
INFO: Снаряд игрока наносит 50 урона  вражеской машине: Средняя боевая машина
фев 17, 2018 11:20:41 PM ru.ovcharov_alexey.tanks.v4.engine.Game removeDeadUnits
INFO: Игрок уничтожил вражескую машину: Средняя боевая машина
фев 17, 2018 11:20:50 PM ru.ovcharov_alexey.tanks.v4.engine.Game relocatePlayerShells
INFO: Снаряд игрока наносит 50 урона  вражеской машине: Тяжелая боевая машина
фев 17, 2018 11:20:52 PM ru.ovcharov_alexey.tanks.v4.engine.Game relocatePlayerShells
INFO: Снаряд игрока наносит 112 урона (критический эффект вражеской машине: Тяжелая боевая машина
фев 17, 2018 11:20:52 PM ru.ovcharov_alexey.tanks.v4.engine.Game relocateEnemiesShells
INFO: Машина игрока получает 14 урона от взрыва снаряда 
фев 17, 2018 11:20:55 PM ru.ovcharov_alexey.tanks.v4.engine.Game relocatePlayerShells
INFO: Снаряд игрока наносит 50 урона  вражеской машине: Тяжелая боевая машина
фев 17, 2018 11:20:55 PM ru.ovcharov_alexey.tanks.v4.engine.Game removeDeadUnits
INFO: Игрок уничтожил вражескую машину: Тяжелая боевая машина
фев 17, 2018 11:20:57 PM ru.ovcharov_alexey.tanks.v4.engine.Game clearBonus
INFO: Время действия бонуса истекло
фев 17, 2018 11:21:30 PM ru.ovcharov_alexey.tanks.v4.logic.forms.MainForm init
INFO: Игра запущена
фев 17, 2018 11:22:00 PM ru.ovcharov_alexey.tanks.v4.logic.forms.MainForm init
INFO: Игра запущена
фев 17, 2018 11:22:11 PM ru.ovcharov_alexey.tanks.v4.logic.forms.MainForm init
INFO: Игра запущена
фев 17, 2018 11:22:24 PM ru.ovcharov_alexey.tanks.v4.logic.forms.MainForm init
INFO: Игра запущена
фев 17, 2018 11:22:34 PM ru.ovcharov_alexey.tanks.v4.logic.forms.MainForm init
INFO: Игра запущена
фев 17, 2018 11:23:29 PM ru.ovcharov_alexey.tanks.v4.logic.forms.MainForm init
INFO: Игра запущена
фев 17, 2018 11:24:26 PM ru.ovcharov_alexey.tanks.v4.logic.forms.MainForm init
INFO: Игра запущена
фев 17, 2018 11:24:29 PM ru.ovcharov_alexey.tanks.v4.logic.forms.MainForm exit
INFO: Завершаю игру
фев 17, 2018 11:24:41 PM ru.ovcharov_alexey.tanks.v4.logic.forms.MainForm init
INFO: Игра запущена
фев 17, 2018 11:24:47 PM ru.ovcharov_alexey.tanks.v4.logic.forms.MainForm exit
INFO: Завершаю игру
фев 17, 2018 11:24:55 PM ru.ovcharov_alexey.tanks.v4.logic.forms.MainForm init
INFO: Игра запущена
фев 17, 2018 11:25:00 PM ru.ovcharov_alexey.tanks.v4.engine.Game start
INFO: Начинаю игру
фев 17, 2018 11:25:03 PM ru.ovcharov_alexey.tanks.v4.engine.Game checkBonuses
INFO: Игрок получает бонус POWER_UP
фев 17, 2018 11:25:13 PM ru.ovcharov_alexey.tanks.v4.engine.Game relocatePlayerShells
INFO: Снаряд игрока наносит 50 урона  вражеской машине: Двухорудийная машина
фев 17, 2018 11:25:13 PM ru.ovcharov_alexey.tanks.v4.engine.Game relocatePlayerShells
INFO: Снаряд игрока наносит 50 урона  вражеской машине: Двухорудийная машина
фев 17, 2018 11:25:14 PM ru.ovcharov_alexey.tanks.v4.engine.Game relocatePlayerShells
INFO: Снаряд игрока наносит 50 урона  вражеской машине: Двухорудийная машина
фев 17, 2018 11:25:14 PM ru.ovcharov_alexey.tanks.v4.engine.Game relocatePlayerShells
INFO: Снаряд игрока наносит 50 урона  вражеской машине: Двухорудийная машина
фев 17, 2018 11:25:14 PM ru.ovcharov_alexey.tanks.v4.engine.Game removeDeadUnits
INFO: Игрок уничтожил вражескую машину: Двухорудийная машина
фев 17, 2018 11:25:14 PM ru.ovcharov_alexey.tanks.v4.engine.Game relocatePlayerShells
INFO: Снаряд игрока наносит 50 урона  вражеской машине: Двухорудийная машина
фев 17, 2018 11:25:14 PM ru.ovcharov_alexey.tanks.v4.engine.Game relocatePlayerShells
INFO: Снаряд игрока наносит 50 урона  вражеской машине: Двухорудийная машина
фев 17, 2018 11:25:16 PM ru.ovcharov_alexey.tanks.v4.engine.Game relocateEnemiesShells
INFO: Машина игрока получает 27 урона от взрыва снаряда 
фев 17, 2018 11:25:16 PM ru.ovcharov_alexey.tanks.v4.engine.Game relocateEnemiesShells
INFO: Машина игрока получает 27 урона от взрыва снаряда 
фев 17, 2018 11:25:17 PM ru.ovcharov_alexey.tanks.v4.engine.Game relocateEnemiesShells
INFO: Машина игрока получает 27 урона от взрыва снаряда 
фев 17, 2018 11:25:21 PM ru.ovcharov_alexey.tanks.v4.engine.Game relocateEnemiesShells
INFO: Машина игрока получает 27 урона от взрыва снаряда 
фев 17, 2018 11:25:21 PM ru.ovcharov_alexey.tanks.v4.engine.Game update
INFO: Машина игрока уничтожена врагом, игра проиграна
фев 17, 2018 11:25:24 PM ru.ovcharov_alexey.tanks.v4.engine.Game clearBonus
INFO: Время действия бонуса истекло
фев 17, 2018 11:25:26 PM ru.ovcharov_alexey.tanks.v4.engine.Game start
INFO: Начинаю игру
фев 17, 2018 11:25:48 PM ru.ovcharov_alexey.tanks.v4.engine.Game relocatePlayerShells
INFO: Снаряд игрока наносит 50 урона  вражеской машине: Двухорудийная машина
фев 17, 2018 11:25:48 PM ru.ovcharov_alexey.tanks.v4.engine.Game relocateEnemiesShells
INFO: Машина игрока получает 27 урона от взрыва снаряда 
фев 17, 2018 11:25:53 PM ru.ovcharov_alexey.tanks.v4.engine.Game checkBonuses
INFO: Игрок получает бонус STOP_ENEMIES
фев 17, 2018 11:25:56 PM ru.ovcharov_alexey.tanks.v4.engine.Game relocatePlayerShells
INFO: Снаряд игрока наносит 112 урона (критический эффект вражеской машине: Танк
фев 17, 2018 11:25:57 PM ru.ovcharov_alexey.tanks.v4.engine.Game relocatePlayerShells
INFO: Снаряд игрока наносит 50 урона  вражеской машине: Танк
фев 17, 2018 11:25:58 PM ru.ovcharov_alexey.tanks.v4.engine.Game relocatePlayerShells
INFO: Снаряд игрока наносит 50 урона  вражеской машине: Танк
фев 17, 2018 11:25:59 PM ru.ovcharov_alexey.tanks.v4.engine.Game relocatePlayerShells
INFO: Снаряд игрока наносит 50 урона  вражеской машине: Танк
фев 17, 2018 11:26:00 PM ru.ovcharov_alexey.tanks.v4.engine.Game relocatePlayerShells
INFO: Снаряд игрока наносит 50 урона  вражеской машине: Танк
фев 17, 2018 11:26:01 PM ru.ovcharov_alexey.tanks.v4.engine.Game relocatePlayerShells
INFO: Снаряд игрока наносит 50 урона  вражеской машине: Танк
фев 17, 2018 11:26:01 PM ru.ovcharov_alexey.tanks.v4.engine.Game relocatePlayerShells
INFO: Снаряд игрока наносит 112 урона (критический эффект вражеской машине: Танк
фев 17, 2018 11:26:02 PM ru.ovcharov_alexey.tanks.v4.engine.Game relocatePlayerShells
INFO: Снаряд игрока наносит 50 урона  вражеской машине: Танк
фев 17, 2018 11:26:02 PM ru.ovcharov_alexey.tanks.v4.engine.Game removeDeadUnits
INFO: Игрок уничтожил вражескую машину: Танк
фев 17, 2018 11:26:04 PM ru.ovcharov_alexey.tanks.v4.engine.Game relocatePlayerShells
INFO: Снаряд игрока наносит 50 урона  вражеской машине: Двухорудийная машина
фев 17, 2018 11:26:05 PM ru.ovcharov_alexey.tanks.v4.engine.Game relocatePlayerShells
INFO: Снаряд игрока наносит 50 урона  вражеской машине: Двухорудийная машина
фев 17, 2018 11:26:06 PM ru.ovcharov_alexey.tanks.v4.engine.Game relocatePlayerShells
INFO: Снаряд игрока наносит 50 урона  вражеской машине: Двухорудийная машина
фев 17, 2018 11:26:06 PM ru.ovcharov_alexey.tanks.v4.engine.Game removeDeadUnits
INFO: Игрок уничтожил вражескую машину: Двухорудийная машина
фев 17, 2018 11:26:14 PM ru.ovcharov_alexey.tanks.v4.engine.Game relocatePlayerShells
INFO: Снаряд игрока наносит 50 урона  вражеской машине: Танк
фев 17, 2018 11:26:14 PM ru.ovcharov_alexey.tanks.v4.engine.Game clearBonus
INFO: Время действия бонуса истекло
фев 17, 2018 11:26:15 PM ru.ovcharov_alexey.tanks.v4.engine.Game relocateEnemiesShells
INFO: Машина игрока получает 42 урона от взрыва снаряда 
фев 17, 2018 11:26:20 PM ru.ovcharov_alexey.tanks.v4.engine.Game checkBonuses
INFO: Игрок получает бонус MULTISHOT
фев 17, 2018 11:26:21 PM ru.ovcharov_alexey.tanks.v4.engine.Game checkBonuses
INFO: Игрок получает бонус REPAIR
фев 17, 2018 11:26:23 PM ru.ovcharov_alexey.tanks.v4.engine.Game lambda$new$0
INFO: Достижение Быстрая победа провалено
фев 17, 2018 11:26:31 PM ru.ovcharov_alexey.tanks.v4.engine.Game relocatePlayerShells
INFO: Снаряд игрока наносит 25 урона  вражеской машине: Фугас
фев 17, 2018 11:26:32 PM ru.ovcharov_alexey.tanks.v4.engine.Game relocatePlayerShells
INFO: Снаряд игрока наносит 50 урона  вражеской машине: Фугас
фев 17, 2018 11:26:32 PM ru.ovcharov_alexey.tanks.v4.engine.Game relocatePlayerShells
INFO: Снаряд игрока наносит 25 урона  вражеской машине: Фугас
фев 17, 2018 11:26:32 PM ru.ovcharov_alexey.tanks.v4.engine.Game relocatePlayerShells
INFO: Снаряд игрока наносит 25 урона  вражеской машине: Фугас
фев 17, 2018 11:26:33 PM ru.ovcharov_alexey.tanks.v4.engine.Game relocatePlayerShells
INFO: Снаряд игрока наносит 50 урона  вражеской машине: Фугас
фев 17, 2018 11:26:33 PM ru.ovcharov_alexey.tanks.v4.engine.Game relocatePlayerShells
INFO: Снаряд игрока наносит 25 урона  вражеской машине: Фугас
фев 17, 2018 11:26:33 PM ru.ovcharov_alexey.tanks.v4.engine.Game relocatePlayerShells
INFO: Снаряд игрока наносит 25 урона  вражеской машине: Фугас
фев 17, 2018 11:26:34 PM ru.ovcharov_alexey.tanks.v4.engine.Game relocatePlayerShells
INFO: Снаряд игрока наносит 50 урона  вражеской машине: Фугас
фев 17, 2018 11:26:34 PM ru.ovcharov_alexey.tanks.v4.engine.Game relocatePlayerShells
INFO: Снаряд игрока наносит 25 урона  вражеской машине: Фугас
фев 17, 2018 11:26:34 PM ru.ovcharov_alexey.tanks.v4.engine.Game relocatePlayerShells
INFO: Снаряд игрока наносит 25 урона  вражеской машине: Фугас
фев 17, 2018 11:26:34 PM ru.ovcharov_alexey.tanks.v4.engine.Game relocatePlayerShells
INFO: Снаряд игрока наносит 25 урона  вражеской машине: Фугас
фев 17, 2018 11:26:34 PM ru.ovcharov_alexey.tanks.v4.engine.Game relocatePlayerShells
INFO: Снаряд игрока наносит 50 урона  вражеской машине: Фугас
фев 17, 2018 11:26:34 PM ru.ovcharov_alexey.tanks.v4.engine.Game relocatePlayerShells
INFO: Снаряд игрока наносит 25 урона  вражеской машине: Фугас
фев 17, 2018 11:26:34 PM ru.ovcharov_alexey.tanks.v4.engine.Game relocatePlayerShells
INFO: Снаряд игрока наносит 25 урона  вражеской машине: Фугас
фев 17, 2018 11:26:34 PM ru.ovcharov_alexey.tanks.v4.engine.Game relocatePlayerShells
INFO: Снаряд игрока наносит 25 урона  вражеской машине: Фугас
фев 17, 2018 11:26:34 PM ru.ovcharov_alexey.tanks.v4.engine.Game relocatePlayerShells
INFO: Снаряд игрока наносит 25 урона  вражеской машине: Фугас
фев 17, 2018 11:26:34 PM ru.ovcharov_alexey.tanks.v4.engine.Game removeDeadUnits
INFO: Игрок уничтожил вражескую машину: Фугас
фев 17, 2018 11:26:41 PM ru.ovcharov_alexey.tanks.v4.engine.Game clearBonus
INFO: Время действия бонуса истекло
фев 17, 2018 11:26:42 PM ru.ovcharov_alexey.tanks.v4.engine.Game relocatePlayerShells
INFO: Снаряд игрока наносит 50 урона  вражеской машине: Танк
фев 17, 2018 11:26:42 PM ru.ovcharov_alexey.tanks.v4.engine.Game relocateEnemiesShells
INFO: Машина игрока получает 42 урона от взрыва снаряда 
фев 17, 2018 11:26:43 PM ru.ovcharov_alexey.tanks.v4.engine.Game relocatePlayerShells
INFO: Снаряд игрока наносит 50 урона  вражеской машине: Танк
фев 17, 2018 11:26:49 PM ru.ovcharov_alexey.tanks.v4.engine.Game lambda$new$0
INFO: Достижение Быстрая победа провалено
фев 17, 2018 11:26:54 PM ru.ovcharov_alexey.tanks.v4.engine.Game relocateEnemiesShells
INFO: Машина игрока получает 30 урона от взрыва снаряда 
фев 17, 2018 11:26:58 PM ru.ovcharov_alexey.tanks.v4.engine.Game relocatePlayerShells
INFO: Снаряд игрока наносит 50 урона  вражеской машине: Средняя боевая машина
фев 17, 2018 11:27:01 PM ru.ovcharov_alexey.tanks.v4.engine.Game relocatePlayerShells
INFO: Снаряд игрока наносит 50 урона  вражеской машине: Средняя боевая машина
фев 17, 2018 11:27:03 PM ru.ovcharov_alexey.tanks.v4.engine.Game relocatePlayerShells
INFO: Снаряд игрока наносит 50 урона  вражеской машине: Средняя боевая машина
фев 17, 2018 11:27:03 PM ru.ovcharov_alexey.tanks.v4.engine.Game removeDeadUnits
INFO: Игрок уничтожил вражескую машину: Средняя боевая машина
фев 17, 2018 11:27:05 PM ru.ovcharov_alexey.tanks.v4.engine.Game pause
INFO: Получил команду на остановку игры
фев 17, 2018 11:27:07 PM ru.ovcharov_alexey.tanks.v4.engine.Game stop
INFO: Завершаю игру
фев 17, 2018 11:27:21 PM ru.ovcharov_alexey.tanks.v4.engine.Game start
INFO: Начинаю игру
фев 17, 2018 11:27:33 PM ru.ovcharov_alexey.tanks.v4.engine.Game checkBonuses
INFO: Игрок получает бонус MULTISHOT
фев 17, 2018 11:27:34 PM ru.ovcharov_alexey.tanks.v4.engine.Game relocatePlayerShells
INFO: Снаряд игрока наносит 25 урона  вражеской машине: Легкая боевая машина
фев 17, 2018 11:27:34 PM ru.ovcharov_alexey.tanks.v4.engine.Game relocatePlayerShells
INFO: Снаряд игрока наносит 25 урона  вражеской машине: Легкая боевая машина
фев 17, 2018 11:27:34 PM ru.ovcharov_alexey.tanks.v4.engine.Game relocatePlayerShells
INFO: Снаряд игрока наносит 25 урона  вражеской машине: Легкая боевая машина
фев 17, 2018 11:27:34 PM ru.ovcharov_alexey.tanks.v4.engine.Game relocatePlayerShells
INFO: Снаряд игрока наносит 25 урона  вражеской машине: Легкая боевая машина
фев 17, 2018 11:27:35 PM ru.ovcharov_alexey.tanks.v4.engine.Game relocatePlayerShells
INFO: Снаряд игрока наносит 50 урона  вражеской машине: Легкая боевая машина
фев 17, 2018 11:27:35 PM ru.ovcharov_alexey.tanks.v4.engine.Game relocatePlayerShells
INFO: Снаряд игрока наносит 56 урона (критический эффект вражеской машине: Легкая боевая машина
фев 17, 2018 11:27:35 PM ru.ovcharov_alexey.tanks.v4.engine.Game relocatePlayerShells
INFO: Снаряд игрока наносит 25 урона  вражеской машине: Легкая боевая машина
фев 17, 2018 11:27:35 PM ru.ovcharov_alexey.tanks.v4.engine.Game relocatePlayerShells
INFO: Снаряд игрока наносит 25 урона  вражеской машине: Легкая боевая машина
фев 17, 2018 11:27:35 PM ru.ovcharov_alexey.tanks.v4.engine.Game relocatePlayerShells
INFO: Снаряд игрока наносит 25 урона  вражеской машине: Легкая боевая машина
фев 17, 2018 11:27:35 PM ru.ovcharov_alexey.tanks.v4.engine.Game removeDeadUnits
INFO: Игрок уничтожил вражескую машину: Легкая боевая машина
фев 17, 2018 11:27:35 PM ru.ovcharov_alexey.tanks.v4.engine.Game removeDeadUnits
INFO: Игрок уничтожил вражескую машину: Легкая боевая машина
фев 17, 2018 11:27:36 PM ru.ovcharov_alexey.tanks.v4.engine.Game relocatePlayerShells
INFO: Снаряд игрока наносит 50 урона  вражеской машине: Легкая боевая машина
фев 17, 2018 11:27:36 PM ru.ovcharov_alexey.tanks.v4.engine.Game relocatePlayerShells
INFO: Снаряд игрока наносит 25 урона  вражеской машине: Легкая боевая машина
фев 17, 2018 11:27:36 PM ru.ovcharov_alexey.tanks.v4.engine.Game removeDeadUnits
INFO: Игрок уничтожил вражескую машину: Легкая боевая машина
фев 17, 2018 11:27:36 PM ru.ovcharov_alexey.tanks.v4.engine.Game relocatePlayerShells
INFO: Снаряд игрока наносит 25 урона  вражеской машине: Легкая боевая машина
фев 17, 2018 11:27:36 PM ru.ovcharov_alexey.tanks.v4.engine.Game relocatePlayerShells
INFO: Снаряд игрока наносит 25 урона  вражеской машине: Легкая боевая машина
фев 17, 2018 11:27:36 PM ru.ovcharov_alexey.tanks.v4.engine.Game relocateEnemiesShells
INFO: Машина игрока получает 20 урона от взрыва снаряда 
фев 17, 2018 11:27:37 PM ru.ovcharov_alexey.tanks.v4.engine.Game relocatePlayerShells
INFO: Снаряд игрока наносит 25 урона  вражеской машине: Легкая боевая машина
фев 17, 2018 11:27:37 PM ru.ovcharov_alexey.tanks.v4.engine.Game relocatePlayerShells
INFO: Снаряд игрока наносит 25 урона  вражеской машине: Легкая боевая машина
фев 17, 2018 11:27:37 PM ru.ovcharov_alexey.tanks.v4.engine.Game relocatePlayerShells
INFO: Снаряд игрока наносит 25 урона  вражеской машине: Легкая боевая машина
фев 17, 2018 11:27:37 PM ru.ovcharov_alexey.tanks.v4.engine.Game relocatePlayerShells
INFO: Снаряд игрока наносит 25 урона  вражеской машине: Легкая боевая машина
фев 17, 2018 11:27:38 PM ru.ovcharov_alexey.tanks.v4.engine.Game relocatePlayerShells
INFO: Снаряд игрока наносит 25 урона  вражеской машине: Легкая боевая машина
фев 17, 2018 11:27:38 PM ru.ovcharov_alexey.tanks.v4.engine.Game removeDeadUnits
INFO: Игрок уничтожил вражескую машину: Легкая боевая машина
фев 17, 2018 11:27:38 PM ru.ovcharov_alexey.tanks.v4.engine.Game relocatePlayerShells
INFO: Снаряд игрока наносит 25 урона  вражеской машине: Легкая боевая машина
фев 17, 2018 11:27:38 PM ru.ovcharov_alexey.tanks.v4.engine.Game relocatePlayerShells
INFO: Снаряд игрока наносит 25 урона  вражеской машине: Легкая боевая машина
фев 17, 2018 11:27:38 PM ru.ovcharov_alexey.tanks.v4.engine.Game removeDeadUnits
INFO: Игрок уничтожил вражескую машину: Легкая боевая машина
фев 17, 2018 11:27:38 PM ru.ovcharov_alexey.tanks.v4.engine.Game relocatePlayerShells
INFO: Снаряд игрока наносит 25 урона  вражеской машине: Легкая боевая машина
фев 17, 2018 11:27:39 PM ru.ovcharov_alexey.tanks.v4.engine.Game relocatePlayerShells
INFO: Снаряд игрока наносит 25 урона  вражеской машине: Легкая боевая машина
фев 17, 2018 11:27:40 PM ru.ovcharov_alexey.tanks.v4.engine.Game relocatePlayerShells
INFO: Снаряд игрока наносит 25 урона  вражеской машине: Легкая боевая машина
фев 17, 2018 11:27:41 PM ru.ovcharov_alexey.tanks.v4.engine.Game relocatePlayerShells
INFO: Снаряд игрока наносит 25 урона  вражеской машине: Легкая боевая машина
фев 17, 2018 11:27:41 PM ru.ovcharov_alexey.tanks.v4.engine.Game removeDeadUnits
INFO: Игрок уничтожил вражескую машину: Легкая боевая машина
фев 17, 2018 11:27:42 PM ru.ovcharov_alexey.tanks.v4.engine.Game relocatePlayerShells
INFO: Снаряд игрока наносит 25 урона  вражеской машине: Легкая боевая машина
фев 17, 2018 11:27:43 PM ru.ovcharov_alexey.tanks.v4.engine.Game relocateEnemiesShells
INFO: Машина игрока получает 20 урона от взрыва снаряда 
фев 17, 2018 11:27:44 PM ru.ovcharov_alexey.tanks.v4.engine.Game relocatePlayerShells
INFO: Снаряд игрока наносит 25 урона  вражеской машине: Легкая боевая машина
фев 17, 2018 11:27:45 PM ru.ovcharov_alexey.tanks.v4.engine.Game relocatePlayerShells
INFO: Снаряд игрока наносит 25 урона  вражеской машине: Легкая боевая машина
фев 17, 2018 11:27:46 PM ru.ovcharov_alexey.tanks.v4.engine.Game relocatePlayerShells
INFO: Снаряд игрока наносит 25 урона  вражеской машине: Легкая боевая машина
фев 17, 2018 11:27:46 PM ru.ovcharov_alexey.tanks.v4.engine.Game removeDeadUnits
INFO: Игрок уничтожил вражескую машину: Легкая боевая машина
фев 17, 2018 11:27:54 PM ru.ovcharov_alexey.tanks.v4.engine.Game clearBonus
INFO: Время действия бонуса истекло
фев 17, 2018 11:27:59 PM ru.ovcharov_alexey.tanks.v4.engine.Game checkBonuses
INFO: Игрок получает бонус POWER_UP
фев 17, 2018 11:28:06 PM ru.ovcharov_alexey.tanks.v4.engine.Game relocatePlayerShells
INFO: Снаряд игрока наносит 112 урона (критический эффект вражеской машине: Легкая боевая машина
фев 17, 2018 11:28:06 PM ru.ovcharov_alexey.tanks.v4.engine.Game removeDeadUnits
INFO: Игрок уничтожил вражескую машину: Легкая боевая машина
фев 17, 2018 11:28:08 PM ru.ovcharov_alexey.tanks.v4.engine.Game relocatePlayerShells
INFO: Снаряд игрока наносит 50 урона  вражеской машине: Легкая боевая машина
фев 17, 2018 11:28:08 PM ru.ovcharov_alexey.tanks.v4.engine.Game relocatePlayerShells
INFO: Снаряд игрока наносит 50 урона  вражеской машине: Легкая боевая машина
фев 17, 2018 11:28:08 PM ru.ovcharov_alexey.tanks.v4.engine.Game removeDeadUnits
INFO: Игрок уничтожил вражескую машину: Легкая боевая машина
фев 17, 2018 11:28:10 PM ru.ovcharov_alexey.tanks.v4.engine.Game clearBonus
INFO: Время действия бонуса истекло
фев 17, 2018 11:28:20 PM ru.ovcharov_alexey.tanks.v4.engine.Game resume
INFO: Получил команду на продолжение игры
фев 17, 2018 11:28:20 PM ru.ovcharov_alexey.tanks.v4.engine.Game pause
INFO: Получил команду на остановку игры
фев 17, 2018 11:28:21 PM ru.ovcharov_alexey.tanks.v4.engine.Game stop
INFO: Завершаю игру
фев 17, 2018 11:28:38 PM ru.ovcharov_alexey.tanks.v4.logic.forms.MainForm exit
INFO: Завершаю игру
фев 18, 2018 12:44:19 PM ru.ovcharov_alexey.tanks.v4.logic.forms.MainForm init
INFO: Игра запущена
фев 18, 2018 12:44:23 PM ru.ovcharov_alexey.tanks.v4.logic.forms.MapEditorForm <init>
INFO: Выбран режим редактирования карты
фев 18, 2018 12:44:32 PM ru.ovcharov_alexey.tanks.v4.logic.forms.MainForm exit
INFO: Завершаю игру
фев 18, 2018 12:45:04 PM ru.ovcharov_alexey.tanks.v4.logic.forms.MainForm init
INFO: Игра запущена
фев 18, 2018 12:45:07 PM ru.ovcharov_alexey.tanks.v4.logic.forms.MapEditorForm <init>
INFO: Выбран режим редактирования карты
фев 18, 2018 12:45:14 PM ru.ovcharov_alexey.tanks.v4.logic.forms.MainForm exit
INFO: Завершаю игру
фев 18, 2018 12:45:42 PM ru.ovcharov_alexey.tanks.v4.logic.forms.MainForm init
INFO: Игра запущена
фев 18, 2018 12:45:45 PM ru.ovcharov_alexey.tanks.v4.logic.forms.MapEditorForm <init>
INFO: Выбран режим редактирования карты
фев 18, 2018 12:45:49 PM ru.ovcharov_alexey.tanks.v4.logic.forms.MainForm exit
INFO: Завершаю игру
фев 18, 2018 12:47:13 PM ru.ovcharov_alexey.tanks.v4.logic.forms.MainForm init
INFO: Игра запущена
фев 18, 2018 12:47:15 PM ru.ovcharov_alexey.tanks.v4.logic.forms.MapEditorForm <init>
INFO: Выбран режим редактирования карты
фев 18, 2018 12:47:21 PM ru.ovcharov_alexey.tanks.v4.logic.forms.MainForm exit
INFO: Завершаю игру
фев 18, 2018 12:47:34 PM ru.ovcharov_alexey.tanks.v4.logic.forms.MainForm init
INFO: Игра запущена
фев 18, 2018 12:47:36 PM ru.ovcharov_alexey.tanks.v4.logic.forms.MapEditorForm <init>
INFO: Выбран режим редактирования карты
фев 18, 2018 12:47:45 PM ru.ovcharov_alexey.tanks.v4.logic.forms.MainForm exit
INFO: Завершаю игру
фев 18, 2018 12:51:27 PM ru.ovcharov_alexey.tanks.v4.logic.forms.MainForm init
INFO: Игра запущена
фев 18, 2018 12:51:30 PM ru.ovcharov_alexey.tanks.v4.logic.forms.MapEditorForm <init>
INFO: Выбран режим редактирования карты
фев 18, 2018 12:51:35 PM ru.ovcharov_alexey.tanks.v4.logic.forms.MainForm exit
INFO: Завершаю игру
фев 18, 2018 12:51:42 PM ru.ovcharov_alexey.tanks.v4.logic.forms.MainForm init
INFO: Игра запущена
фев 18, 2018 12:51:45 PM ru.ovcharov_alexey.tanks.v4.logic.forms.MapEditorForm <init>
INFO: Выбран режим редактирования карты
фев 18, 2018 12:51:51 PM ru.ovcharov_alexey.tanks.v4.logic.forms.MainForm exit
INFO: Завершаю игру
фев 18, 2018 12:52:55 PM ru.ovcharov_alexey.tanks.v4.logic.forms.MainForm init
INFO: Игра запущена
фев 18, 2018 12:52:58 PM ru.ovcharov_alexey.tanks.v4.logic.forms.MapEditorForm <init>
INFO: Выбран режим редактирования карты
фев 18, 2018 12:53:01 PM ru.ovcharov_alexey.tanks.v4.logic.forms.MapEditorForm <init>
INFO: Выбран режим редактирования карты
фев 18, 2018 12:53:10 PM ru.ovcharov_alexey.tanks.v4.logic.forms.MapEditorForm <init>
INFO: Выбран режим редактирования карты
фев 18, 2018 12:53:21 PM ru.ovcharov_alexey.tanks.v4.logic.forms.MainForm exit
INFO: Завершаю игру
фев 18, 2018 1:05:02 PM ru.ovcharov_alexey.tanks.v4.logic.forms.MainForm init
INFO: Игра запущена
фев 18, 2018 1:05:09 PM ru.ovcharov_alexey.tanks.v4.logic.forms.MainForm exit
INFO: Завершаю игру
фев 25, 2018 12:34:26 AM ru.ovcharov_alexey.tanks.v4.logic.forms.MainForm init
INFO: Игра запущена
фев 25, 2018 12:34:29 AM ru.ovcharov_alexey.tanks.v4.logic.forms.MainForm exit
INFO: Завершаю игру
фев 25, 2018 12:34:39 AM ru.ovcharov_alexey.tanks.v4.logic.forms.MainForm init
INFO: Игра запущена
фев 25, 2018 1:41:49 AM ru.ovcharov_alexey.tanks.v4.logic.forms.MainForm init
INFO: Игра запущена
фев 25, 2018 1:42:07 AM ru.ovcharov_alexey.tanks.v4.engine.Game start
INFO: Начинаю игру
фев 25, 2018 1:42:22 AM ru.ovcharov_alexey.tanks.v4.engine.Game relocatePlayerShells
INFO: Снаряд игрока наносит 50 урона  вражеской машине: Легкая боевая машина
фев 25, 2018 1:42:22 AM ru.ovcharov_alexey.tanks.v4.engine.Game relocatePlayerShells
INFO: Снаряд игрока наносит 50 урона  вражеской машине: Легкая боевая машина
фев 25, 2018 1:42:22 AM ru.ovcharov_alexey.tanks.v4.engine.Game removeDeadUnits
INFO: Игрок уничтожил вражескую машину: Легкая боевая машина
фев 25, 2018 1:42:25 AM ru.ovcharov_alexey.tanks.v4.engine.Game relocatePlayerShells
INFO: Снаряд игрока наносит 50 урона  вражеской машине: Легкая боевая машина
фев 25, 2018 1:42:26 AM ru.ovcharov_alexey.tanks.v4.engine.Game relocatePlayerShells
INFO: Снаряд игрока наносит 50 урона  вражеской машине: Легкая боевая машина
фев 25, 2018 1:42:26 AM ru.ovcharov_alexey.tanks.v4.engine.Game removeDeadUnits
INFO: Игрок уничтожил вражескую машину: Легкая боевая машина
фев 25, 2018 1:42:29 AM ru.ovcharov_alexey.tanks.v4.engine.Game relocatePlayerShells
INFO: Снаряд игрока наносит 50 урона  вражеской машине: Легкая боевая машина
фев 25, 2018 1:42:30 AM ru.ovcharov_alexey.tanks.v4.engine.Game relocatePlayerShells
INFO: Снаряд игрока наносит 50 урона  вражеской машине: Легкая боевая машина
фев 25, 2018 1:42:30 AM ru.ovcharov_alexey.tanks.v4.engine.Game removeDeadUnits
INFO: Игрок уничтожил вражескую машину: Легкая боевая машина
фев 25, 2018 1:42:35 AM ru.ovcharov_alexey.tanks.v4.engine.Game relocatePlayerShells
INFO: Снаряд игрока наносит 50 урона  вражеской машине: Легкая боевая машина
фев 25, 2018 1:42:36 AM ru.ovcharov_alexey.tanks.v4.engine.Game relocatePlayerShells
INFO: Снаряд игрока наносит 50 урона  вражеской машине: Легкая боевая машина
фев 25, 2018 1:42:36 AM ru.ovcharov_alexey.tanks.v4.engine.Game removeDeadUnits
INFO: Игрок уничтожил вражескую машину: Легкая боевая машина
фев 25, 2018 1:42:44 AM ru.ovcharov_alexey.tanks.v4.engine.Game relocatePlayerShells
INFO: Снаряд игрока наносит 50 урона  вражеской машине: Легкая боевая машина
фев 25, 2018 1:42:45 AM ru.ovcharov_alexey.tanks.v4.engine.Game relocatePlayerShells
INFO: Снаряд игрока наносит 50 урона  вражеской машине: Легкая боевая машина
фев 25, 2018 1:42:45 AM ru.ovcharov_alexey.tanks.v4.engine.Game removeDeadUnits
INFO: Игрок уничтожил вражескую машину: Легкая боевая машина
фев 25, 2018 1:42:59 AM ru.ovcharov_alexey.tanks.v4.engine.Game checkBonuses
INFO: Игрок получает бонус ARMOR_UP
фев 25, 2018 1:43:07 AM ru.ovcharov_alexey.tanks.v4.engine.Game relocateEnemiesShells
INFO: Машина игрока получает 7 урона от взрыва снаряда 
фев 25, 2018 1:43:07 AM ru.ovcharov_alexey.tanks.v4.engine.Game relocateEnemiesShells
INFO: Машина игрока получает 7 урона от взрыва снаряда 
фев 25, 2018 1:43:07 AM ru.ovcharov_alexey.tanks.v4.engine.Game relocatePlayerShells
INFO: Снаряд игрока наносит 50 урона  вражеской машине: Легкая боевая машина
фев 25, 2018 1:43:08 AM ru.ovcharov_alexey.tanks.v4.engine.Game relocateEnemiesShells
INFO: Машина игрока получает 7 урона от взрыва снаряда 
фев 25, 2018 1:43:08 AM ru.ovcharov_alexey.tanks.v4.engine.Game relocateEnemiesShells
INFO: Машина игрока получает 7 урона от взрыва снаряда 
фев 25, 2018 1:43:08 AM ru.ovcharov_alexey.tanks.v4.engine.Game relocatePlayerShells
INFO: Снаряд игрока наносит 50 урона  вражеской машине: Легкая боевая машина
фев 25, 2018 1:43:08 AM ru.ovcharov_alexey.tanks.v4.engine.Game removeDeadUnits
INFO: Игрок уничтожил вражескую машину: Легкая боевая машина
фев 25, 2018 1:43:09 AM ru.ovcharov_alexey.tanks.v4.engine.Game relocateEnemiesShells
INFO: Машина игрока получает 7 урона от взрыва снаряда 
фев 25, 2018 1:43:09 AM ru.ovcharov_alexey.tanks.v4.engine.Game relocatePlayerShells
INFO: Снаряд игрока наносит 50 урона  вражеской машине: Легкая боевая машина
фев 25, 2018 1:43:10 AM ru.ovcharov_alexey.tanks.v4.engine.Game relocateEnemiesShells
INFO: Машина игрока получает 7 урона от взрыва снаряда 
фев 25, 2018 1:43:10 AM ru.ovcharov_alexey.tanks.v4.engine.Game relocatePlayerShells
INFO: Снаряд игрока наносит 50 урона  вражеской машине: Легкая боевая машина
фев 25, 2018 1:43:10 AM ru.ovcharov_alexey.tanks.v4.engine.Game removeDeadUnits
INFO: Игрок уничтожил вражескую машину: Легкая боевая машина
фев 25, 2018 1:43:12 AM ru.ovcharov_alexey.tanks.v4.engine.Game relocateEnemiesShells
INFO: Машина игрока получает 7 урона от взрыва снаряда 
фев 25, 2018 1:43:12 AM ru.ovcharov_alexey.tanks.v4.engine.Game relocatePlayerShells
INFO: Снаряд игрока наносит 50 урона  вражеской машине: Легкая боевая машина
фев 25, 2018 1:43:17 AM ru.ovcharov_alexey.tanks.v4.engine.Game relocatePlayerShells
INFO: Снаряд игрока наносит 50 урона  вражеской машине: Легкая боевая машина
фев 25, 2018 1:43:17 AM ru.ovcharov_alexey.tanks.v4.engine.Game relocateEnemiesShells
INFO: Машина игрока получает 7 урона от взрыва снаряда 
фев 25, 2018 1:43:18 AM ru.ovcharov_alexey.tanks.v4.engine.Game relocatePlayerShells
INFO: Снаряд игрока наносит 50 урона  вражеской машине: Легкая боевая машина
фев 25, 2018 1:43:18 AM ru.ovcharov_alexey.tanks.v4.engine.Game removeDeadUnits
INFO: Игрок уничтожил вражескую машину: Легкая боевая машина
фев 25, 2018 1:43:19 AM ru.ovcharov_alexey.tanks.v4.engine.Game relocateEnemiesShells
INFO: Машина игрока получает 7 урона от взрыва снаряда 
фев 25, 2018 1:43:19 AM ru.ovcharov_alexey.tanks.v4.engine.Game relocateEnemiesShells
INFO: Машина игрока получает 7 урона от взрыва снаряда 
фев 25, 2018 1:43:20 AM ru.ovcharov_alexey.tanks.v4.engine.Game clearBonus
INFO: Время действия бонуса истекло
фев 25, 2018 1:43:20 AM ru.ovcharov_alexey.tanks.v4.engine.Game relocatePlayerShells
INFO: Снаряд игрока наносит 50 урона  вражеской машине: Легкая боевая машина
фев 25, 2018 1:43:20 AM ru.ovcharov_alexey.tanks.v4.engine.Game removeDeadUnits
INFO: Игрок уничтожил вражескую машину: Легкая боевая машина
фев 25, 2018 1:43:31 AM ru.ovcharov_alexey.tanks.v4.engine.Game resume
INFO: Получил команду на продолжение игры
фев 25, 2018 1:43:39 AM ru.ovcharov_alexey.tanks.v4.engine.Game pause
INFO: Получил команду на остановку игры
фев 25, 2018 1:43:39 AM ru.ovcharov_alexey.tanks.v4.engine.Game stop
INFO: Завершаю игру
фев 25, 2018 1:43:40 AM ru.ovcharov_alexey.tanks.v4.logic.forms.MainForm exit
INFO: Завершаю игру
фев 26, 2018 8:24:45 PM ru.ovcharov_alexey.tanks.v4.logic.forms.MainForm lambda$main$0
INFO: Игра запущена
фев 26, 2018 8:24:50 PM ru.ovcharov_alexey.tanks.v4.logic.forms.MainForm exit
INFO: Завершаю игру
фев 26, 2018 8:29:49 PM ru.ovcharov_alexey.tanks.v4.logic.forms.MainForm lambda$main$0
INFO: Игра запущена
фев 26, 2018 8:29:57 PM ru.ovcharov_alexey.tanks.v4.logic.forms.MainForm exit
INFO: Завершаю игру
фев 26, 2018 8:30:31 PM ru.ovcharov_alexey.tanks.v4.logic.forms.MainForm lambda$main$0
INFO: Игра запущена
фев 26, 2018 8:30:53 PM ru.ovcharov_alexey.tanks.v4.logic.forms.MainForm exit
INFO: Завершаю игру
фев 26, 2018 8:31:20 PM ru.ovcharov_alexey.tanks.v4.logic.forms.MainForm lambda$main$0
INFO: Игра запущена
фев 26, 2018 8:31:30 PM ru.ovcharov_alexey.tanks.v4.logic.forms.MainForm exit
INFO: Завершаю игру
фев 26, 2018 8:50:30 PM ru.ovcharov_alexey.tanks.v4.logic.forms.MainForm lambda$main$0
INFO: Игра запущена
фев 26, 2018 8:50:36 PM ru.ovcharov_alexey.tanks.v4.logic.forms.MainForm exit
INFO: Завершаю игру
фев 26, 2018 8:58:52 PM ru.ovcharov_alexey.tanks.v4.logic.forms.MainForm lambda$main$0
INFO: Игра запущена
фев 26, 2018 8:58:59 PM ru.ovcharov_alexey.tanks.v4.logic.forms.MainForm exit
INFO: Завершаю игру
фев 26, 2018 9:00:26 PM ru.ovcharov_alexey.tanks.v4.logic.forms.MainForm lambda$main$0
INFO: Игра запущена
фев 26, 2018 9:00:32 PM ru.ovcharov_alexey.tanks.v4.logic.forms.MainForm exit
INFO: Завершаю игру
фев 26, 2018 9:01:55 PM ru.ovcharov_alexey.tanks.v4.logic.forms.MainForm lambda$main$0
INFO: Игра запущена
фев 26, 2018 9:01:57 PM ru.ovcharov_alexey.tanks.v4.logic.forms.MainForm exit
INFO: Завершаю игру
фев 26, 2018 9:03:42 PM ru.ovcharov_alexey.tanks.v4.logic.forms.MainForm lambda$main$0
INFO: Игра запущена
фев 26, 2018 9:03:45 PM ru.ovcharov_alexey.tanks.v4.logic.forms.MainForm exit
INFO: Завершаю игру
фев 26, 2018 9:04:06 PM ru.ovcharov_alexey.tanks.v4.logic.forms.MainForm lambda$main$0
INFO: Игра запущена
фев 26, 2018 9:04:14 PM ru.ovcharov_alexey.tanks.v4.logic.forms.MainForm exit
INFO: Завершаю игру
фев 26, 2018 9:04:35 PM ru.ovcharov_alexey.tanks.v4.logic.forms.MainForm lambda$main$0
INFO: Игра запущена
фев 26, 2018 9:04:55 PM ru.ovcharov_alexey.tanks.v4.logic.forms.MainForm exit
INFO: Завершаю игру
фев 26, 2018 9:05:06 PM ru.ovcharov_alexey.tanks.v4.logic.forms.MainForm lambda$main$0
INFO: Игра запущена
фев 26, 2018 9:05:09 PM ru.ovcharov_alexey.tanks.v4.logic.forms.MainForm exit
INFO: Завершаю игру
фев 26, 2018 9:05:41 PM ru.ovcharov_alexey.tanks.v4.logic.forms.MainForm lambda$main$0
INFO: Игра запущена
фев 26, 2018 9:05:53 PM ru.ovcharov_alexey.tanks.v4.logic.forms.MainForm exit
INFO: Завершаю игру
фев 26, 2018 9:07:14 PM ru.ovcharov_alexey.tanks.v4.logic.forms.MainForm lambda$main$0
INFO: Игра запущена
фев 26, 2018 9:07:19 PM ru.ovcharov_alexey.tanks.v4.logic.forms.MainForm exit
INFO: Завершаю игру
фев 26, 2018 9:07:34 PM ru.ovcharov_alexey.tanks.v4.logic.forms.MainForm lambda$main$0
INFO: Игра запущена
фев 26, 2018 9:07:35 PM ru.ovcharov_alexey.tanks.v4.logic.forms.MainForm exit
INFO: Завершаю игру
фев 26, 2018 9:09:24 PM ru.ovcharov_alexey.tanks.v4.logic.forms.MainForm lambda$main$0
INFO: Игра запущена
фев 26, 2018 9:09:45 PM ru.ovcharov_alexey.tanks.v4.logic.forms.MainForm exit
INFO: Завершаю игру
фев 26, 2018 9:10:10 PM ru.ovcharov_alexey.tanks.v4.logic.forms.MainForm lambda$main$0
INFO: Игра запущена
фев 26, 2018 9:10:16 PM ru.ovcharov_alexey.tanks.v4.engine.Game start
INFO: Начинаю игру
фев 26, 2018 9:11:24 PM ru.ovcharov_alexey.tanks.v4.logic.forms.MainForm lambda$main$0
INFO: Игра запущена
фев 26, 2018 9:11:27 PM ru.ovcharov_alexey.tanks.v4.engine.Game start
INFO: Начинаю игру
фев 26, 2018 9:11:38 PM ru.ovcharov_alexey.tanks.v4.engine.Game pause
INFO: Получил команду на остановку игры
фев 26, 2018 9:11:39 PM ru.ovcharov_alexey.tanks.v4.engine.Game stop
INFO: Завершаю игру
фев 26, 2018 9:11:43 PM ru.ovcharov_alexey.tanks.v4.logic.forms.MainForm exit
INFO: Завершаю игру
фев 26, 2018 9:16:23 PM ru.ovcharov_alexey.tanks.v4.logic.forms.MainForm lambda$main$0
INFO: Игра запущена
фев 26, 2018 9:16:26 PM ru.ovcharov_alexey.tanks.v4.engine.Game start
INFO: Начинаю игру
фев 26, 2018 9:16:40 PM ru.ovcharov_alexey.tanks.v4.engine.Game pause
INFO: Получил команду на остановку игры
фев 26, 2018 9:16:42 PM ru.ovcharov_alexey.tanks.v4.engine.Game stop
INFO: Завершаю игру
фев 26, 2018 9:16:42 PM ru.ovcharov_alexey.tanks.v4.logic.forms.MainForm exit
INFO: Завершаю игру
фев 26, 2018 9:17:19 PM ru.ovcharov_alexey.tanks.v4.logic.forms.MainForm lambda$main$0
INFO: Игра запущена
фев 26, 2018 9:17:23 PM ru.ovcharov_alexey.tanks.v4.engine.Game start
INFO: Начинаю игру
фев 26, 2018 9:17:29 PM ru.ovcharov_alexey.tanks.v4.engine.Game pause
INFO: Получил команду на остановку игры
фев 26, 2018 9:17:30 PM ru.ovcharov_alexey.tanks.v4.engine.Game stop
INFO: Завершаю игру
фев 26, 2018 9:17:30 PM ru.ovcharov_alexey.tanks.v4.logic.forms.MainForm exit
INFO: Завершаю игру
фев 26, 2018 9:18:07 PM ru.ovcharov_alexey.tanks.v4.logic.forms.MainForm lambda$main$0
INFO: Игра запущена
фев 26, 2018 9:18:11 PM ru.ovcharov_alexey.tanks.v4.engine.Game start
INFO: Начинаю игру
фев 26, 2018 9:18:13 PM ru.ovcharov_alexey.tanks.v4.engine.Game pause
INFO: Получил команду на остановку игры
фев 26, 2018 9:18:14 PM ru.ovcharov_alexey.tanks.v4.engine.Game stop
INFO: Завершаю игру
фев 26, 2018 9:18:15 PM ru.ovcharov_alexey.tanks.v4.logic.forms.MainForm exit
INFO: Завершаю игру
фев 26, 2018 9:21:54 PM ru.ovcharov_alexey.tanks.v4.logic.forms.MainForm lambda$main$0
INFO: Игра запущена
фев 26, 2018 9:21:55 PM ru.ovcharov_alexey.tanks.v4.engine.Global logAndShowException
SEVERE: Width (0) and height (0) cannot be <= 0
java.lang.IllegalArgumentException: Width (0) and height (0) cannot be <= 0
	at java.awt.image.DirectColorModel.createCompatibleWritableRaster(DirectColorModel.java:1016)
	at java.awt.image.BufferedImage.<init>(BufferedImage.java:324)
	at ru.ovcharov_alexey.tanks.v4.engine.Game.<init>(Game.java:123)
	at ru.ovcharov_alexey.tanks.v4.logic.forms.GameForm.initGame(GameForm.java:31)
	at ru.ovcharov_alexey.tanks.v4.logic.forms.GameForm.<init>(GameForm.java:25)
	at ru.ovcharov_alexey.tanks.v4.logic.forms.MainForm.bSinglePlayerActionPerformed(MainForm.java:196)
	at ru.ovcharov_alexey.tanks.v4.logic.forms.MainForm.access$100(MainForm.java:19)
	at ru.ovcharov_alexey.tanks.v4.logic.forms.MainForm$2.actionPerformed(MainForm.java:87)
	at javax.swing.AbstractButton.fireActionPerformed(AbstractButton.java:2022)
	at javax.swing.AbstractButton$Handler.actionPerformed(AbstractButton.java:2348)
	at javax.swing.DefaultButtonModel.fireActionPerformed(DefaultButtonModel.java:402)
	at javax.swing.DefaultButtonModel.setPressed(DefaultButtonModel.java:259)
	at javax.swing.plaf.basic.BasicButtonListener.mouseReleased(BasicButtonListener.java:252)
	at java.awt.Component.processMouseEvent(Component.java:6533)
	at javax.swing.JComponent.processMouseEvent(JComponent.java:3324)
	at java.awt.Component.processEvent(Component.java:6298)
	at java.awt.Container.processEvent(Container.java:2236)
	at java.awt.Component.dispatchEventImpl(Component.java:4889)
	at java.awt.Container.dispatchEventImpl(Container.java:2294)
	at java.awt.Component.dispatchEvent(Component.java:4711)
	at java.awt.LightweightDispatcher.retargetMouseEvent(Container.java:4888)
	at java.awt.LightweightDispatcher.processMouseEvent(Container.java:4525)
	at java.awt.LightweightDispatcher.dispatchEvent(Container.java:4466)
	at java.awt.Container.dispatchEventImpl(Container.java:2280)
	at java.awt.Window.dispatchEventImpl(Window.java:2746)
	at java.awt.Component.dispatchEvent(Component.java:4711)
	at java.awt.EventQueue.dispatchEventImpl(EventQueue.java:758)
	at java.awt.EventQueue.access$500(EventQueue.java:97)
	at java.awt.EventQueue$3.run(EventQueue.java:709)
	at java.awt.EventQueue$3.run(EventQueue.java:703)
	at java.security.AccessController.doPrivileged(Native Method)
	at java.security.ProtectionDomain$JavaSecurityAccessImpl.doIntersectionPrivilege(ProtectionDomain.java:80)
	at java.security.ProtectionDomain$JavaSecurityAccessImpl.doIntersectionPrivilege(ProtectionDomain.java:90)
	at java.awt.EventQueue$4.run(EventQueue.java:731)
	at java.awt.EventQueue$4.run(EventQueue.java:729)
	at java.security.AccessController.doPrivileged(Native Method)
	at java.security.ProtectionDomain$JavaSecurityAccessImpl.doIntersectionPrivilege(ProtectionDomain.java:80)
	at java.awt.EventQueue.dispatchEvent(EventQueue.java:728)
	at java.awt.EventDispatchThread.pumpOneEventForFilters(EventDispatchThread.java:201)
	at java.awt.EventDispatchThread.pumpEventsForFilter(EventDispatchThread.java:116)
	at java.awt.EventDispatchThread.pumpEventsForHierarchy(EventDispatchThread.java:105)
	at java.awt.EventDispatchThread.pumpEvents(EventDispatchThread.java:101)
	at java.awt.EventDispatchThread.pumpEvents(EventDispatchThread.java:93)
	at java.awt.EventDispatchThread.run(EventDispatchThread.java:82)

фев 26, 2018 9:23:50 PM ru.ovcharov_alexey.tanks.v4.logic.forms.MainForm exit
INFO: Завершаю игру
фев 26, 2018 9:24:23 PM ru.ovcharov_alexey.tanks.v4.logic.forms.MainForm lambda$main$0
INFO: Игра запущена
фев 26, 2018 9:24:49 PM ru.ovcharov_alexey.tanks.v4.engine.Game start
INFO: Начинаю игру
фев 26, 2018 9:24:58 PM ru.ovcharov_alexey.tanks.v4.engine.Game pause
INFO: Получил команду на остановку игры
фев 26, 2018 9:24:59 PM ru.ovcharov_alexey.tanks.v4.engine.Game stop
INFO: Завершаю игру
фев 26, 2018 9:25:00 PM ru.ovcharov_alexey.tanks.v4.logic.forms.MainForm exit
INFO: Завершаю игру
фев 26, 2018 9:25:48 PM ru.ovcharov_alexey.tanks.v4.logic.forms.MainForm lambda$main$0
INFO: Игра запущена
фев 26, 2018 9:25:51 PM ru.ovcharov_alexey.tanks.v4.engine.Game start
INFO: Начинаю игру
фев 26, 2018 9:25:58 PM ru.ovcharov_alexey.tanks.v4.engine.Game pause
INFO: Получил команду на остановку игры
фев 26, 2018 9:25:59 PM ru.ovcharov_alexey.tanks.v4.engine.Game stop
INFO: Завершаю игру
фев 26, 2018 9:26:00 PM ru.ovcharov_alexey.tanks.v4.logic.forms.MainForm exit
INFO: Завершаю игру
фев 26, 2018 9:26:16 PM ru.ovcharov_alexey.tanks.v4.logic.forms.MainForm lambda$main$0
INFO: Игра запущена
фев 26, 2018 9:26:19 PM ru.ovcharov_alexey.tanks.v4.engine.Game start
INFO: Начинаю игру
фев 26, 2018 9:26:29 PM ru.ovcharov_alexey.tanks.v4.logic.forms.MainForm exit
INFO: Завершаю игру
фев 26, 2018 9:27:58 PM ru.ovcharov_alexey.tanks.v4.logic.forms.MainForm lambda$main$0
INFO: Игра запущена
фев 26, 2018 9:28:01 PM ru.ovcharov_alexey.tanks.v4.engine.Game start
INFO: Начинаю игру
фев 26, 2018 9:28:07 PM ru.ovcharov_alexey.tanks.v4.engine.Game pause
INFO: Получил команду на остановку игры
фев 26, 2018 9:28:07 PM ru.ovcharov_alexey.tanks.v4.engine.Game stop
INFO: Завершаю игру
фев 26, 2018 9:28:08 PM ru.ovcharov_alexey.tanks.v4.logic.forms.MainForm exit
INFO: Завершаю игру
фев 26, 2018 9:28:26 PM ru.ovcharov_alexey.tanks.v4.logic.forms.MainForm lambda$main$0
INFO: Игра запущена
фев 26, 2018 9:28:29 PM ru.ovcharov_alexey.tanks.v4.engine.Game start
INFO: Начинаю игру
фев 26, 2018 9:28:38 PM ru.ovcharov_alexey.tanks.v4.engine.Game pause
INFO: Получил команду на остановку игры
фев 26, 2018 9:28:39 PM ru.ovcharov_alexey.tanks.v4.engine.Game stop
INFO: Завершаю игру
фев 26, 2018 9:28:40 PM ru.ovcharov_alexey.tanks.v4.logic.forms.MainForm exit
INFO: Завершаю игру
фев 26, 2018 9:29:01 PM ru.ovcharov_alexey.tanks.v4.logic.forms.MainForm lambda$main$0
INFO: Игра запущена
фев 26, 2018 9:29:54 PM ru.ovcharov_alexey.tanks.v4.engine.Game start
INFO: Начинаю игру
фев 26, 2018 9:38:03 PM ru.ovcharov_alexey.tanks.v4.logic.forms.MainForm lambda$main$0
INFO: Игра запущена
фев 26, 2018 9:38:06 PM ru.ovcharov_alexey.tanks.v4.engine.Game start
INFO: Начинаю игру
фев 26, 2018 9:38:11 PM ru.ovcharov_alexey.tanks.v4.engine.Game pause
INFO: Получил команду на остановку игры
фев 26, 2018 9:38:12 PM ru.ovcharov_alexey.tanks.v4.engine.Game stop
INFO: Завершаю игру
фев 26, 2018 9:38:13 PM ru.ovcharov_alexey.tanks.v4.logic.forms.MainForm exit
INFO: Завершаю игру
фев 26, 2018 9:39:12 PM ru.ovcharov_alexey.tanks.v4.logic.forms.MainForm lambda$main$0
INFO: Игра запущена
фев 26, 2018 9:39:15 PM ru.ovcharov_alexey.tanks.v4.engine.Game start
INFO: Начинаю игру
фев 26, 2018 9:39:18 PM ru.ovcharov_alexey.tanks.v4.engine.Game pause
INFO: Получил команду на остановку игры
фев 26, 2018 9:39:18 PM ru.ovcharov_alexey.tanks.v4.engine.Game stop
INFO: Завершаю игру
фев 26, 2018 9:39:19 PM ru.ovcharov_alexey.tanks.v4.logic.forms.MainForm exit
INFO: Завершаю игру
фев 26, 2018 9:39:26 PM ru.ovcharov_alexey.tanks.v4.logic.forms.MainForm lambda$main$0
INFO: Игра запущена
фев 26, 2018 9:39:29 PM ru.ovcharov_alexey.tanks.v4.engine.Game start
INFO: Начинаю игру
фев 26, 2018 9:39:42 PM ru.ovcharov_alexey.tanks.v4.engine.Game pause
INFO: Получил команду на остановку игры
фев 26, 2018 9:39:42 PM ru.ovcharov_alexey.tanks.v4.engine.Game stop
INFO: Завершаю игру
фев 26, 2018 9:39:43 PM ru.ovcharov_alexey.tanks.v4.logic.forms.MainForm exit
INFO: Завершаю игру
фев 26, 2018 9:56:13 PM ru.ovcharov_alexey.tanks.v4.logic.forms.MainForm lambda$main$0
INFO: Игра запущена
фев 26, 2018 9:56:22 PM ru.ovcharov_alexey.tanks.v4.engine.Game start
INFO: Начинаю игру
фев 26, 2018 9:57:01 PM ru.ovcharov_alexey.tanks.v4.logic.forms.MainForm lambda$main$0
INFO: Игра запущена
фев 26, 2018 9:57:04 PM ru.ovcharov_alexey.tanks.v4.engine.Game start
INFO: Начинаю игру
фев 26, 2018 9:57:14 PM ru.ovcharov_alexey.tanks.v4.engine.Game checkBonuses
INFO: Игрок получает бонус POWER_UP
фев 26, 2018 9:57:19 PM ru.ovcharov_alexey.tanks.v4.engine.Game relocatePlayerShells
INFO: Снаряд игрока наносит 50 урона  вражеской машине: Танк
фев 26, 2018 9:57:20 PM ru.ovcharov_alexey.tanks.v4.engine.Game relocatePlayerShells
INFO: Снаряд игрока наносит 50 урона  вражеской машине: Танк
фев 26, 2018 9:57:20 PM ru.ovcharov_alexey.tanks.v4.engine.Game relocatePlayerShells
INFO: Снаряд игрока наносит 50 урона  вражеской машине: Танк
фев 26, 2018 9:57:20 PM ru.ovcharov_alexey.tanks.v4.engine.Game relocatePlayerShells
INFO: Снаряд игрока наносит 50 урона  вражеской машине: Танк
фев 26, 2018 9:57:20 PM ru.ovcharov_alexey.tanks.v4.engine.Game relocatePlayerShells
INFO: Снаряд игрока наносит 50 урона  вражеской машине: Танк
фев 26, 2018 9:57:20 PM ru.ovcharov_alexey.tanks.v4.engine.Game relocatePlayerShells
INFO: Снаряд игрока наносит 50 урона  вражеской машине: Танк
фев 26, 2018 9:57:21 PM ru.ovcharov_alexey.tanks.v4.engine.Game relocatePlayerShells
INFO: Снаряд игрока наносит 50 урона  вражеской машине: Танк
фев 26, 2018 9:57:26 PM ru.ovcharov_alexey.tanks.v4.engine.Game relocatePlayerShells
INFO: Снаряд игрока наносит 50 урона  вражеской машине: Танк
фев 26, 2018 9:57:26 PM ru.ovcharov_alexey.tanks.v4.engine.Game relocatePlayerShells
INFO: Снаряд игрока наносит 50 урона  вражеской машине: Танк
фев 26, 2018 9:57:26 PM ru.ovcharov_alexey.tanks.v4.engine.Game relocatePlayerShells
INFO: Снаряд игрока наносит 50 урона  вражеской машине: Танк
фев 26, 2018 9:57:26 PM ru.ovcharov_alexey.tanks.v4.engine.Game relocatePlayerShells
INFO: Снаряд игрока наносит 50 урона  вражеской машине: Танк
фев 26, 2018 9:57:27 PM ru.ovcharov_alexey.tanks.v4.engine.Game relocatePlayerShells
INFO: Снаряд игрока наносит 50 урона  вражеской машине: Танк
фев 26, 2018 9:57:35 PM ru.ovcharov_alexey.tanks.v4.engine.Game clearBonus
INFO: Время действия бонуса истекло
фев 26, 2018 9:57:35 PM ru.ovcharov_alexey.tanks.v4.engine.Game relocatePlayerShells
INFO: Снаряд игрока наносит 50 урона  вражеской машине: Танк
фев 26, 2018 9:57:35 PM ru.ovcharov_alexey.tanks.v4.engine.Game relocatePlayerShells
INFO: Снаряд игрока наносит 50 урона  вражеской машине: Танк
фев 26, 2018 9:57:36 PM ru.ovcharov_alexey.tanks.v4.engine.Game relocatePlayerShells
INFO: Снаряд игрока наносит 50 урона  вражеской машине: Танк
фев 26, 2018 9:57:40 PM ru.ovcharov_alexey.tanks.v4.engine.Game relocatePlayerShells
INFO: Снаряд игрока наносит 50 урона  вражеской машине: Танк
фев 26, 2018 9:57:40 PM ru.ovcharov_alexey.tanks.v4.engine.Game relocatePlayerShells
INFO: Снаряд игрока наносит 50 урона  вражеской машине: Танк
фев 26, 2018 9:57:41 PM ru.ovcharov_alexey.tanks.v4.engine.Game relocatePlayerShells
INFO: Снаряд игрока наносит 50 урона  вражеской машине: Танк
фев 26, 2018 9:57:41 PM ru.ovcharov_alexey.tanks.v4.engine.Game removeDeadUnits
INFO: Игрок уничтожил вражескую машину: Танк
фев 26, 2018 9:57:44 PM ru.ovcharov_alexey.tanks.v4.engine.Game relocatePlayerShells
INFO: Снаряд игрока наносит 50 урона  вражеской машине: Танк
фев 26, 2018 9:57:50 PM ru.ovcharov_alexey.tanks.v4.engine.Game relocatePlayerShells
INFO: Снаряд игрока наносит 50 урона  вражеской машине: Танк
фев 26, 2018 9:57:50 PM ru.ovcharov_alexey.tanks.v4.engine.Game removeDeadUnits
INFO: Игрок уничтожил вражескую машину: Танк
фев 26, 2018 9:57:53 PM ru.ovcharov_alexey.tanks.v4.engine.Game pause
INFO: Получил команду на остановку игры
фев 26, 2018 9:58:28 PM ru.ovcharov_alexey.tanks.v4.engine.Game lambda$new$0
INFO: Достижение Быстрая победа провалено
фев 26, 2018 10:04:14 PM ru.ovcharov_alexey.tanks.v4.engine.Game stop
INFO: Завершаю игру
фев 26, 2018 10:04:16 PM ru.ovcharov_alexey.tanks.v4.logic.forms.MainForm exit
INFO: Завершаю игру
фев 26, 2018 10:31:17 PM ru.ovcharov_alexey.tanks.v4.logic.forms.MainForm lambda$main$0
INFO: Игра запущена
фев 26, 2018 10:31:27 PM ru.ovcharov_alexey.tanks.v4.logic.forms.MainForm exit
INFO: Завершаю игру
фев 26, 2018 10:41:50 PM ru.ovcharov_alexey.tanks.v4.logic.forms.MainForm lambda$main$0
INFO: Игра запущена
фев 26, 2018 10:41:59 PM ru.ovcharov_alexey.tanks.v4.logic.forms.MainForm exit
INFO: Завершаю игру
фев 26, 2018 10:43:50 PM ru.ovcharov_alexey.tanks.v4.logic.forms.MainForm lambda$main$0
INFO: Игра запущена
фев 26, 2018 10:43:56 PM ru.ovcharov_alexey.tanks.v4.logic.forms.MainForm exit
INFO: Завершаю игру
фев 26, 2018 10:49:11 PM ru.ovcharov_alexey.tanks.v4.logic.forms.MainForm lambda$main$0
INFO: Игра запущена
фев 26, 2018 10:49:23 PM ru.ovcharov_alexey.tanks.v4.logic.forms.MainForm exit
INFO: Завершаю игру
фев 26, 2018 10:49:46 PM ru.ovcharov_alexey.tanks.v4.logic.forms.MainForm lambda$main$0
INFO: Игра запущена
фев 26, 2018 10:50:06 PM ru.ovcharov_alexey.tanks.v4.logic.forms.MainForm exit
INFO: Завершаю игру
фев 26, 2018 10:50:36 PM ru.ovcharov_alexey.tanks.v4.logic.forms.MainForm lambda$main$0
INFO: Игра запущена
фев 26, 2018 10:50:39 PM ru.ovcharov_alexey.tanks.v4.logic.forms.MainForm exit
INFO: Завершаю игру
фев 26, 2018 10:51:06 PM ru.ovcharov_alexey.tanks.v4.logic.forms.MainForm lambda$main$0
INFO: Игра запущена
фев 26, 2018 10:51:10 PM ru.ovcharov_alexey.tanks.v4.logic.forms.MainForm exit
INFO: Завершаю игру
фев 26, 2018 10:55:13 PM ru.ovcharov_alexey.tanks.v4.logic.forms.MainForm lambda$main$0
INFO: Игра запущена
фев 26, 2018 10:55:20 PM ru.ovcharov_alexey.tanks.v4.logic.forms.MainForm exit
INFO: Завершаю игру
фев 26, 2018 10:58:10 PM ru.ovcharov_alexey.tanks.v4.logic.forms.MainForm lambda$main$0
INFO: Игра запущена
фев 26, 2018 10:58:35 PM ru.ovcharov_alexey.tanks.v4.logic.forms.MainForm exit
INFO: Завершаю игру
фев 26, 2018 11:07:37 PM ru.ovcharov_alexey.tanks.v4.logic.forms.MainForm lambda$main$0
INFO: Игра запущена
фев 26, 2018 11:07:44 PM ru.ovcharov_alexey.tanks.v4.logic.forms.MainForm exit
INFO: Завершаю игру
фев 26, 2018 11:09:01 PM ru.ovcharov_alexey.tanks.v4.logic.forms.MainForm lambda$main$0
INFO: Игра запущена
фев 26, 2018 11:09:08 PM ru.ovcharov_alexey.tanks.v4.logic.forms.MainForm exit
INFO: Завершаю игру
фев 26, 2018 11:10:06 PM ru.ovcharov_alexey.tanks.v4.logic.forms.MainForm lambda$main$0
INFO: Игра запущена
фев 26, 2018 11:10:14 PM ru.ovcharov_alexey.tanks.v4.logic.forms.MainForm exit
INFO: Завершаю игру
фев 26, 2018 11:13:12 PM ru.ovcharov_alexey.tanks.v4.logic.forms.MainForm lambda$main$0
INFO: Игра запущена
фев 26, 2018 11:13:18 PM ru.ovcharov_alexey.tanks.v4.logic.forms.MainForm exit
INFO: Завершаю игру
фев 26, 2018 11:15:47 PM ru.ovcharov_alexey.tanks.v4.logic.forms.MainForm lambda$main$0
INFO: Игра запущена
фев 26, 2018 11:17:57 PM ru.ovcharov_alexey.tanks.v4.logic.forms.MainForm lambda$main$0
INFO: Игра запущена
фев 26, 2018 11:18:10 PM ru.ovcharov_alexey.tanks.v4.logic.forms.MainForm exit
INFO: Завершаю игру
фев 26, 2018 11:31:30 PM ru.ovcharov_alexey.tanks.v4.logic.forms.MainForm lambda$main$0
INFO: Игра запущена
фев 26, 2018 11:36:32 PM ru.ovcharov_alexey.tanks.v4.logic.forms.MainForm lambda$main$0
INFO: Игра запущена
фев 26, 2018 11:37:26 PM ru.ovcharov_alexey.tanks.v4.logic.forms.MainForm lambda$main$0
INFO: Игра запущена
фев 26, 2018 11:37:29 PM ru.ovcharov_alexey.tanks.v4.logic.forms.MainForm exit
INFO: Завершаю игру
фев 26, 2018 11:43:37 PM ru.ovcharov_alexey.tanks.v4.logic.forms.MainForm lambda$main$0
INFO: Игра запущена
фев 26, 2018 11:43:42 PM ru.ovcharov_alexey.tanks.v4.logic.forms.MainForm exit
INFO: Завершаю игру
фев 26, 2018 11:47:39 PM ru.ovcharov_alexey.tanks.v4.logic.forms.MainForm lambda$main$0
INFO: Игра запущена
фев 26, 2018 11:54:18 PM ru.ovcharov_alexey.tanks.v4.logic.forms.MainForm lambda$main$0
INFO: Игра запущена
фев 26, 2018 11:54:28 PM ru.ovcharov_alexey.tanks.v4.logic.forms.MainForm exit
INFO: Завершаю игру
фев 26, 2018 11:57:45 PM ru.ovcharov_alexey.tanks.v4.logic.forms.MainForm lambda$main$0
INFO: Игра запущена
фев 26, 2018 11:57:48 PM ru.ovcharov_alexey.tanks.v4.logic.forms.MainForm exit
INFO: Завершаю игру
фев 27, 2018 12:00:22 AM ru.ovcharov_alexey.tanks.v4.logic.forms.MainForm lambda$main$0
INFO: Игра запущена
фев 27, 2018 12:00:55 AM ru.ovcharov_alexey.tanks.v4.logic.forms.MainForm exit
INFO: Завершаю игру
фев 27, 2018 12:03:12 AM ru.ovcharov_alexey.tanks.v4.logic.forms.MainForm lambda$main$0
INFO: Игра запущена
фев 27, 2018 12:03:23 AM ru.ovcharov_alexey.tanks.v4.logic.forms.MainForm exit
INFO: Завершаю игру
фев 27, 2018 12:07:56 AM ru.ovcharov_alexey.tanks.v4.logic.forms.MainForm lambda$main$0
INFO: Игра запущена
фев 27, 2018 12:08:06 AM ru.ovcharov_alexey.tanks.v4.engine.Game start
INFO: Начинаю игру
фев 27, 2018 12:08:10 AM ru.ovcharov_alexey.tanks.v4.engine.Game pause
INFO: Получил команду на остановку игры
фев 27, 2018 12:08:10 AM ru.ovcharov_alexey.tanks.v4.engine.Game stop
INFO: Завершаю игру
фев 27, 2018 12:08:30 AM ru.ovcharov_alexey.tanks.v4.logic.forms.MainForm exit
INFO: Завершаю игру
фев 27, 2018 12:09:04 AM ru.ovcharov_alexey.tanks.v4.logic.forms.MainForm lambda$main$0
INFO: Игра запущена
фев 27, 2018 12:09:22 AM ru.ovcharov_alexey.tanks.v4.logic.forms.MainForm exit
INFO: Завершаю игру
фев 27, 2018 12:10:52 AM ru.ovcharov_alexey.tanks.v4.logic.forms.MainForm lambda$main$0
INFO: Игра запущена
фев 27, 2018 12:11:25 AM ru.ovcharov_alexey.tanks.v4.logic.forms.MainForm exit
INFO: Завершаю игру
фев 27, 2018 12:15:29 AM ru.ovcharov_alexey.tanks.v4.logic.forms.MainForm lambda$main$0
INFO: Игра запущена
фев 27, 2018 12:16:02 AM ru.ovcharov_alexey.tanks.v4.logic.forms.MainForm exit
INFO: Завершаю игру
фев 27, 2018 12:17:45 AM ru.ovcharov_alexey.tanks.v4.logic.forms.MainForm lambda$main$0
INFO: Игра запущена
фев 27, 2018 12:18:08 AM ru.ovcharov_alexey.tanks.v4.logic.forms.MainForm exit
INFO: Завершаю игру
фев 27, 2018 12:21:29 AM ru.ovcharov_alexey.tanks.v4.logic.forms.MainForm lambda$main$0
INFO: Игра запущена
фев 27, 2018 12:22:04 AM ru.ovcharov_alexey.tanks.v4.logic.forms.MainForm exit
INFO: Завершаю игру
фев 27, 2018 12:26:29 AM ru.ovcharov_alexey.tanks.v4.logic.forms.MainForm lambda$main$0
INFO: Игра запущена
фев 27, 2018 12:26:41 AM ru.ovcharov_alexey.tanks.v4.logic.forms.MainForm exit
INFO: Завершаю игру
фев 27, 2018 12:26:46 AM ru.ovcharov_alexey.tanks.v4.logic.forms.MainForm lambda$main$0
INFO: Игра запущена
фев 27, 2018 12:27:08 AM ru.ovcharov_alexey.tanks.v4.logic.forms.MainForm exit
INFO: Завершаю игру
фев 27, 2018 12:27:22 AM ru.ovcharov_alexey.tanks.v4.logic.forms.MainForm lambda$main$0
INFO: Игра запущена
фев 27, 2018 12:27:26 AM ru.ovcharov_alexey.tanks.v4.logic.forms.MainForm exit
INFO: Завершаю игру
фев 27, 2018 12:27:27 AM ru.ovcharov_alexey.tanks.v4.logic.forms.MainForm lambda$main$0
INFO: Игра запущена
фев 27, 2018 12:27:48 AM ru.ovcharov_alexey.tanks.v4.logic.forms.MainForm exit
INFO: Завершаю игру
фев 27, 2018 12:27:50 AM ru.ovcharov_alexey.tanks.v4.logic.forms.MainForm lambda$main$0
INFO: Игра запущена
фев 27, 2018 12:28:07 AM ru.ovcharov_alexey.tanks.v4.logic.forms.MainForm exit
INFO: Завершаю игру
фев 27, 2018 12:28:45 AM ru.ovcharov_alexey.tanks.v4.logic.forms.MainForm lambda$main$0
INFO: Игра запущена
фев 27, 2018 12:28:55 AM ru.ovcharov_alexey.tanks.v4.logic.forms.MainForm exit
INFO: Завершаю игру
фев 27, 2018 12:28:56 AM ru.ovcharov_alexey.tanks.v4.logic.forms.MainForm lambda$main$0
INFO: Игра запущена
фев 27, 2018 12:29:04 AM ru.ovcharov_alexey.tanks.v4.logic.forms.MainForm exit
INFO: Завершаю игру
фев 27, 2018 12:31:26 AM ru.ovcharov_alexey.tanks.v4.logic.forms.MainForm lambda$main$0
INFO: Игра запущена
фев 27, 2018 12:31:39 AM ru.ovcharov_alexey.tanks.v4.logic.forms.MainForm exit
INFO: Завершаю игру
фев 27, 2018 12:32:02 AM ru.ovcharov_alexey.tanks.v4.logic.forms.MainForm lambda$main$0
INFO: Игра запущена
фев 27, 2018 12:33:45 AM ru.ovcharov_alexey.tanks.v4.logic.forms.MainForm exit
INFO: Завершаю игру
фев 27, 2018 12:33:47 AM ru.ovcharov_alexey.tanks.v4.logic.forms.MainForm lambda$main$0
INFO: Игра запущена
фев 27, 2018 12:35:49 AM ru.ovcharov_alexey.tanks.v4.logic.forms.MainForm exit
INFO: Завершаю игру
фев 27, 2018 12:35:51 AM ru.ovcharov_alexey.tanks.v4.logic.forms.MainForm lambda$main$0
INFO: Игра запущена
фев 27, 2018 12:36:18 AM ru.ovcharov_alexey.tanks.v4.logic.forms.MainForm exit
INFO: Завершаю игру
фев 27, 2018 12:37:12 AM ru.ovcharov_alexey.tanks.v4.logic.forms.MainForm lambda$main$0
INFO: Игра запущена
фев 27, 2018 12:37:16 AM ru.ovcharov_alexey.tanks.v4.logic.forms.MainForm exit
INFO: Завершаю игру
фев 27, 2018 12:37:43 AM ru.ovcharov_alexey.tanks.v4.logic.forms.MainForm lambda$main$0
INFO: Игра запущена
фев 27, 2018 12:37:45 AM ru.ovcharov_alexey.tanks.v4.logic.forms.MainForm exit
INFO: Завершаю игру
фев 27, 2018 12:38:16 AM ru.ovcharov_alexey.tanks.v4.logic.forms.MainForm lambda$main$0
INFO: Игра запущена
фев 27, 2018 12:38:34 AM ru.ovcharov_alexey.tanks.v4.logic.forms.MainForm exit
INFO: Завершаю игру
